<?xml version="1.0" encoding="UTF-8"?>
<robot generator="Robot 7.0 (Python 3.12.0 on win32)" generated="2024-03-09T19:39:09.869001" rpa="false" schemaversion="5">
<suite id="s1" name="Cart &amp; CheckOut &amp; Login &amp; ProductPage">
<suite id="s1-s1" name="Cart" source="D:\robotframwork\TestSuits\Cart.robot">
<test id="s1-s1-t1" name="Validate all the web elements are present on the Cart Page" line="14">
<kw name="Login with valid user" owner="Resource" type="SETUP">
<kw name="Open the Browser with URL" owner="Resource">
<kw name="Create Webdriver" owner="SeleniumLibrary">
<msg time="2024-03-09T19:39:10.183574" level="INFO">Creating an instance of the Chrome WebDriver.</msg>
<arg>${browser_name}</arg>
<arg>D:/robotframwork/Drivers/${browser_name}</arg>
<doc>Creates an instance of Selenium WebDriver.</doc>
<status status="PASS" start="2024-03-09T19:39:10.183070" elapsed="2.396504"/>
</kw>
<kw name="Go To" owner="SeleniumLibrary">
<msg time="2024-03-09T19:39:12.580574" level="INFO">Opening url 'https://www.saucedemo.com/'</msg>
<arg>${base_url}</arg>
<doc>Navigates the current browser window to the provided ``url``.</doc>
<status status="PASS" start="2024-03-09T19:39:12.580574" elapsed="1.286532"/>
</kw>
<kw name="Maximize Browser Window" owner="SeleniumLibrary">
<doc>Maximizes current browser window.</doc>
<status status="PASS" start="2024-03-09T19:39:13.867106" elapsed="0.137116"/>
</kw>
<status status="PASS" start="2024-03-09T19:39:10.182074" elapsed="3.822148"/>
</kw>
<kw name="Fill the login form" owner="Resource">
<kw name="Input Text" owner="SeleniumLibrary">
<msg time="2024-03-09T19:39:14.005220" level="INFO">Typing text 'standard_user' into text field '//*[@id="user-name"]'.</msg>
<arg>${username_text}</arg>
<arg>${username}</arg>
<doc>Types the given ``text`` into the text field identified by ``locator``.</doc>
<status status="PASS" start="2024-03-09T19:39:14.005220" elapsed="0.169869"/>
</kw>
<kw name="Input Text" owner="SeleniumLibrary">
<msg time="2024-03-09T19:39:14.176086" level="INFO">Typing text 'secret_sauce' into text field '//*[@id="password"]'.</msg>
<arg>${password_text}</arg>
<arg>${password}</arg>
<doc>Types the given ``text`` into the text field identified by ``locator``.</doc>
<status status="PASS" start="2024-03-09T19:39:14.176086" elapsed="0.139340"/>
</kw>
<kw name="Click Button" owner="SeleniumLibrary">
<msg time="2024-03-09T19:39:14.316854" level="INFO">Clicking button '//*[@id="login-button"]'.</msg>
<arg>${login_button}</arg>
<doc>Clicks the button identified by ``locator``.</doc>
<status status="PASS" start="2024-03-09T19:39:14.315426" elapsed="0.113038"/>
</kw>
<arg>${valid_username}</arg>
<arg>${valid_password}</arg>
<status status="PASS" start="2024-03-09T19:39:14.004222" elapsed="0.425241"/>
</kw>
<status status="PASS" start="2024-03-09T19:39:10.182074" elapsed="4.247389"/>
</kw>
<kw name="Click on Cart icon" owner="Resource">
<kw name="Click Element" owner="SeleniumLibrary">
<msg time="2024-03-09T19:39:14.430463" level="INFO">Clicking element '//div[@id='shopping_cart_container']/a'.</msg>
<arg>${cart_icon}</arg>
<doc>Click the element identified by ``locator``.</doc>
<status status="PASS" start="2024-03-09T19:39:14.429463" elapsed="0.054992"/>
</kw>
<status status="PASS" start="2024-03-09T19:39:14.429463" elapsed="0.054992"/>
</kw>
<kw name="Verify the logo" owner="Resource">
<kw name="Element Should Be Visible" owner="SeleniumLibrary">
<msg time="2024-03-09T19:39:14.558686" level="INFO">Element '//div[@id='header_container']/div/div[2]/div' is displayed.</msg>
<arg>${logo}</arg>
<doc>Verifies that the element identified by ``locator`` is visible.</doc>
<status status="PASS" start="2024-03-09T19:39:14.485462" elapsed="0.073224"/>
</kw>
<status status="PASS" start="2024-03-09T19:39:14.485462" elapsed="0.073224"/>
</kw>
<kw name="Verify the page title" owner="Resource">
<kw name="Get Text" owner="SeleniumLibrary">
<msg time="2024-03-09T19:39:14.585507" level="INFO">${actual_page_title} = Your Cart</msg>
<var>${actual_page_title}</var>
<arg>${page_title}</arg>
<doc>Returns the text value of the element identified by ``locator``.</doc>
<status status="PASS" start="2024-03-09T19:39:14.559683" elapsed="0.026826"/>
</kw>
<kw name="Should Be Equal As Strings" owner="BuiltIn">
<arg>${actual_page_title}</arg>
<arg>${expected_page_title}</arg>
<doc>Fails if objects are unequal after converting them to strings.</doc>
<status status="PASS" start="2024-03-09T19:39:14.586509" elapsed="0.000000"/>
</kw>
<arg>${page_title}</arg>
<arg>${cart_page_title}</arg>
<status status="PASS" start="2024-03-09T19:39:14.559683" elapsed="0.026826"/>
</kw>
<kw name="Verify the continue shopping button is present on the page" owner="Resource">
<kw name="Element Should Be Visible" owner="SeleniumLibrary">
<msg time="2024-03-09T19:39:14.610594" level="INFO">Element '//button[@id='continue-shopping']' is displayed.</msg>
<arg>${continue_shopping_button}</arg>
<doc>Verifies that the element identified by ``locator`` is visible.</doc>
<status status="PASS" start="2024-03-09T19:39:14.587510" elapsed="0.023084"/>
</kw>
<status status="PASS" start="2024-03-09T19:39:14.587510" elapsed="0.023084"/>
</kw>
<kw name="Verify the checkout button is present on the page" owner="Resource">
<kw name="Element Should Be Visible" owner="SeleniumLibrary">
<msg time="2024-03-09T19:39:14.633128" level="INFO">Element '//button[@id='checkout']' is displayed.</msg>
<arg>${checkout_button}</arg>
<doc>Verifies that the element identified by ``locator`` is visible.</doc>
<status status="PASS" start="2024-03-09T19:39:14.610594" elapsed="0.022534"/>
</kw>
<status status="PASS" start="2024-03-09T19:39:14.610594" elapsed="0.022534"/>
</kw>
<kw name="Verify the burger icon is present" owner="Resource">
<kw name="Element Should Be Visible" owner="SeleniumLibrary">
<msg time="2024-03-09T19:39:14.657173" level="INFO">Element '//button[@id='react-burger-menu-btn']' is displayed.</msg>
<arg>${burger_button}</arg>
<doc>Verifies that the element identified by ``locator`` is visible.</doc>
<status status="PASS" start="2024-03-09T19:39:14.634661" elapsed="0.022512"/>
</kw>
<status status="PASS" start="2024-03-09T19:39:14.633128" elapsed="0.024045"/>
</kw>
<kw name="Close Browser Session" owner="Resource" type="TEARDOWN">
<kw name="Close Browser" owner="SeleniumLibrary">
<doc>Closes the current browser.</doc>
<status status="PASS" start="2024-03-09T19:39:14.658170" elapsed="2.203306"/>
</kw>
<status status="PASS" start="2024-03-09T19:39:14.658170" elapsed="2.203306"/>
</kw>
<status status="PASS" start="2024-03-09T19:39:10.181072" elapsed="6.681294"/>
</test>
<test id="s1-s1-t2" name="Validate user can redirect back on products list page from Cart page" line="22">
<kw name="Login with valid user" owner="Resource" type="SETUP">
<kw name="Open the Browser with URL" owner="Resource">
<kw name="Create Webdriver" owner="SeleniumLibrary">
<msg time="2024-03-09T19:39:16.866392" level="INFO">Creating an instance of the Chrome WebDriver.</msg>
<arg>${browser_name}</arg>
<arg>D:/robotframwork/Drivers/${browser_name}</arg>
<doc>Creates an instance of Selenium WebDriver.</doc>
<status status="PASS" start="2024-03-09T19:39:16.866392" elapsed="2.318835"/>
</kw>
<kw name="Go To" owner="SeleniumLibrary">
<msg time="2024-03-09T19:39:19.186239" level="INFO">Opening url 'https://www.saucedemo.com/'</msg>
<arg>${base_url}</arg>
<doc>Navigates the current browser window to the provided ``url``.</doc>
<status status="PASS" start="2024-03-09T19:39:19.185227" elapsed="1.550346"/>
</kw>
<kw name="Maximize Browser Window" owner="SeleniumLibrary">
<doc>Maximizes current browser window.</doc>
<status status="PASS" start="2024-03-09T19:39:20.736958" elapsed="0.136071"/>
</kw>
<status status="PASS" start="2024-03-09T19:39:16.865471" elapsed="4.007558"/>
</kw>
<kw name="Fill the login form" owner="Resource">
<kw name="Input Text" owner="SeleniumLibrary">
<msg time="2024-03-09T19:39:20.873979" level="INFO">Typing text 'standard_user' into text field '//*[@id="user-name"]'.</msg>
<arg>${username_text}</arg>
<arg>${username}</arg>
<doc>Types the given ``text`` into the text field identified by ``locator``.</doc>
<status status="PASS" start="2024-03-09T19:39:20.873979" elapsed="0.285634"/>
</kw>
<kw name="Input Text" owner="SeleniumLibrary">
<msg time="2024-03-09T19:39:21.160616" level="INFO">Typing text 'secret_sauce' into text field '//*[@id="password"]'.</msg>
<arg>${password_text}</arg>
<arg>${password}</arg>
<doc>Types the given ``text`` into the text field identified by ``locator``.</doc>
<status status="PASS" start="2024-03-09T19:39:21.159613" elapsed="0.164288"/>
</kw>
<kw name="Click Button" owner="SeleniumLibrary">
<msg time="2024-03-09T19:39:21.324914" level="INFO">Clicking button '//*[@id="login-button"]'.</msg>
<arg>${login_button}</arg>
<doc>Clicks the button identified by ``locator``.</doc>
<status status="PASS" start="2024-03-09T19:39:21.323901" elapsed="0.174926"/>
</kw>
<arg>${valid_username}</arg>
<arg>${valid_password}</arg>
<status status="PASS" start="2024-03-09T19:39:20.873029" elapsed="0.625798"/>
</kw>
<status status="PASS" start="2024-03-09T19:39:16.865471" elapsed="4.633356"/>
</kw>
<kw name="Click on Cart icon" owner="Resource">
<kw name="Click Element" owner="SeleniumLibrary">
<msg time="2024-03-09T19:39:21.503340" level="INFO">Clicking element '//div[@id='shopping_cart_container']/a'.</msg>
<arg>${cart_icon}</arg>
<doc>Click the element identified by ``locator``.</doc>
<status status="PASS" start="2024-03-09T19:39:21.501826" elapsed="0.149267"/>
</kw>
<status status="PASS" start="2024-03-09T19:39:21.501826" elapsed="0.149267"/>
</kw>
<kw name="Click on continue shopping button" owner="Resource">
<kw name="Click Element" owner="SeleniumLibrary">
<msg time="2024-03-09T19:39:21.653607" level="INFO">Clicking element '//button[@id='continue-shopping']'.</msg>
<arg>${continue_shopping_button}</arg>
<doc>Click the element identified by ``locator``.</doc>
<status status="PASS" start="2024-03-09T19:39:21.653095" elapsed="0.209966"/>
</kw>
<status status="PASS" start="2024-03-09T19:39:21.652098" elapsed="0.211981"/>
</kw>
<kw name="Verify the page title" owner="Resource">
<kw name="Get Text" owner="SeleniumLibrary">
<msg time="2024-03-09T19:39:21.921598" level="INFO">${actual_page_title} = Products</msg>
<var>${actual_page_title}</var>
<arg>${page_title}</arg>
<doc>Returns the text value of the element identified by ``locator``.</doc>
<status status="PASS" start="2024-03-09T19:39:21.867102" elapsed="0.054496"/>
</kw>
<kw name="Should Be Equal As Strings" owner="BuiltIn">
<arg>${actual_page_title}</arg>
<arg>${expected_page_title}</arg>
<doc>Fails if objects are unequal after converting them to strings.</doc>
<status status="PASS" start="2024-03-09T19:39:21.921598" elapsed="0.001514"/>
</kw>
<arg>${page_title}</arg>
<arg>${product_page_title}</arg>
<status status="PASS" start="2024-03-09T19:39:21.865079" elapsed="0.058412"/>
</kw>
<kw name="Close Browser Session" owner="Resource" type="TEARDOWN">
<kw name="Close Browser" owner="SeleniumLibrary">
<doc>Closes the current browser.</doc>
<status status="PASS" start="2024-03-09T19:39:21.924131" elapsed="2.218459"/>
</kw>
<status status="PASS" start="2024-03-09T19:39:21.924131" elapsed="2.218459"/>
</kw>
<status status="PASS" start="2024-03-09T19:39:16.864397" elapsed="7.279108"/>
</test>
<test id="s1-s1-t3" name="Validate User can add a single item in the Cart" line="27">
<kw name="Login with valid user" owner="Resource" type="SETUP">
<kw name="Open the Browser with URL" owner="Resource">
<kw name="Create Webdriver" owner="SeleniumLibrary">
<msg time="2024-03-09T19:39:24.147790" level="INFO">Creating an instance of the Chrome WebDriver.</msg>
<arg>${browser_name}</arg>
<arg>D:/robotframwork/Drivers/${browser_name}</arg>
<doc>Creates an instance of Selenium WebDriver.</doc>
<status status="PASS" start="2024-03-09T19:39:24.147790" elapsed="2.603942"/>
</kw>
<kw name="Go To" owner="SeleniumLibrary">
<msg time="2024-03-09T19:39:26.751732" level="INFO">Opening url 'https://www.saucedemo.com/'</msg>
<arg>${base_url}</arg>
<doc>Navigates the current browser window to the provided ``url``.</doc>
<status status="PASS" start="2024-03-09T19:39:26.751732" elapsed="1.694413"/>
</kw>
<kw name="Maximize Browser Window" owner="SeleniumLibrary">
<doc>Maximizes current browser window.</doc>
<status status="PASS" start="2024-03-09T19:39:28.446145" elapsed="0.138086"/>
</kw>
<status status="PASS" start="2024-03-09T19:39:24.146798" elapsed="4.437433"/>
</kw>
<kw name="Fill the login form" owner="Resource">
<kw name="Input Text" owner="SeleniumLibrary">
<msg time="2024-03-09T19:39:28.585234" level="INFO">Typing text 'standard_user' into text field '//*[@id="user-name"]'.</msg>
<arg>${username_text}</arg>
<arg>${username}</arg>
<doc>Types the given ``text`` into the text field identified by ``locator``.</doc>
<status status="PASS" start="2024-03-09T19:39:28.585234" elapsed="0.268158"/>
</kw>
<kw name="Input Text" owner="SeleniumLibrary">
<msg time="2024-03-09T19:39:28.854405" level="INFO">Typing text 'secret_sauce' into text field '//*[@id="password"]'.</msg>
<arg>${password_text}</arg>
<arg>${password}</arg>
<doc>Types the given ``text`` into the text field identified by ``locator``.</doc>
<status status="PASS" start="2024-03-09T19:39:28.853392" elapsed="0.183981"/>
</kw>
<kw name="Click Button" owner="SeleniumLibrary">
<msg time="2024-03-09T19:39:29.037373" level="INFO">Clicking button '//*[@id="login-button"]'.</msg>
<arg>${login_button}</arg>
<doc>Clicks the button identified by ``locator``.</doc>
<status status="PASS" start="2024-03-09T19:39:29.037373" elapsed="0.150734"/>
</kw>
<arg>${valid_username}</arg>
<arg>${valid_password}</arg>
<status status="PASS" start="2024-03-09T19:39:28.585234" elapsed="0.602873"/>
</kw>
<status status="PASS" start="2024-03-09T19:39:24.146798" elapsed="5.041309"/>
</kw>
<kw name="Click on Random add to cart button" owner="Resource">
<kw name="Get Dictionary Keys" owner="Collections">
<msg time="2024-03-09T19:39:29.190105" level="INFO">${keys} = ['Sauce Labs Backpack', 'Sauce Labs Bike Light', 'Sauce Labs Bolt T-Shirt', 'Sauce Labs Fleece Jacket', 'Sauce Labs Onesie', 'Test.allTheThings() T-Shirt (Red)']</msg>
<var>${keys}</var>
<arg>${product_name}</arg>
<doc>Returns keys of the given ``dictionary`` as a list.</doc>
<status status="PASS" start="2024-03-09T19:39:29.189108" elapsed="0.000997"/>
</kw>
<kw name="Evaluate" owner="BuiltIn">
<msg time="2024-03-09T19:39:29.191106" level="INFO">${random_value} = Sauce Labs Fleece Jacket</msg>
<var>${random_value}</var>
<arg>random.choice(${keys})</arg>
<arg>random</arg>
<doc>Evaluates the given expression in Python and returns the result.</doc>
<status status="PASS" start="2024-03-09T19:39:29.190105" elapsed="0.001001"/>
</kw>
<kw name="Get From Dictionary" owner="Collections">
<msg time="2024-03-09T19:39:29.192105" level="INFO">${xpath_name} = sauce-labs-fleece-jacket</msg>
<var>${xpath_name}</var>
<arg>${product_name}</arg>
<arg>${random_value}</arg>
<doc>Returns a value from the given ``dictionary`` based on the given ``key``.</doc>
<status status="PASS" start="2024-03-09T19:39:29.191106" elapsed="0.000999"/>
</kw>
<kw name="Set Variable" owner="BuiltIn">
<msg time="2024-03-09T19:39:29.192105" level="INFO">${item} = //button[@id='add-to-cart-sauce-labs-fleece-jacket']</msg>
<var>${item}</var>
<arg>//button[@id='add-to-cart-${xpath_name}']</arg>
<doc>Returns the given values which can then be assigned to a variables.</doc>
<status status="PASS" start="2024-03-09T19:39:29.192105" elapsed="0.000000"/>
</kw>
<kw name="Click Element" owner="SeleniumLibrary">
<msg time="2024-03-09T19:39:29.193105" level="INFO">Clicking element '//button[@id='add-to-cart-sauce-labs-fleece-jacket']'.</msg>
<arg>${item}</arg>
<doc>Click the element identified by ``locator``.</doc>
<status status="PASS" start="2024-03-09T19:39:29.193105" elapsed="0.072026"/>
</kw>
<status status="PASS" start="2024-03-09T19:39:29.189108" elapsed="0.076023"/>
</kw>
<kw name="Click on Cart icon" owner="Resource">
<kw name="Click Element" owner="SeleniumLibrary">
<msg time="2024-03-09T19:39:29.267633" level="INFO">Clicking element '//div[@id='shopping_cart_container']/a'.</msg>
<arg>${cart_icon}</arg>
<doc>Click the element identified by ``locator``.</doc>
<status status="PASS" start="2024-03-09T19:39:29.267127" elapsed="0.080037"/>
</kw>
<status status="PASS" start="2024-03-09T19:39:29.266127" elapsed="0.081037"/>
</kw>
<kw name="Verify cart item is present on the cart page" owner="Resource">
<kw name="Element Should Be Visible" owner="SeleniumLibrary">
<msg time="2024-03-09T19:39:29.391743" level="INFO">Element '//div[@id='cart_contents_container']/div/div/div[3]' is displayed.</msg>
<arg>${cart_item}</arg>
<doc>Verifies that the element identified by ``locator`` is visible.</doc>
<status status="PASS" start="2024-03-09T19:39:29.348164" elapsed="0.043579"/>
</kw>
<status status="PASS" start="2024-03-09T19:39:29.348164" elapsed="0.043579"/>
</kw>
<kw name="Close Browser Session" owner="Resource" type="TEARDOWN">
<kw name="Close Browser" owner="SeleniumLibrary">
<doc>Closes the current browser.</doc>
<status status="PASS" start="2024-03-09T19:39:29.393256" elapsed="2.234064"/>
</kw>
<status status="PASS" start="2024-03-09T19:39:29.393256" elapsed="2.234064"/>
</kw>
<status status="PASS" start="2024-03-09T19:39:24.145809" elapsed="7.482410"/>
</test>
<test id="s1-s1-t4" name="Validate user can remove single item" line="32">
<kw name="Login with valid user" owner="Resource" type="SETUP">
<kw name="Open the Browser with URL" owner="Resource">
<kw name="Create Webdriver" owner="SeleniumLibrary">
<msg time="2024-03-09T19:39:31.632428" level="INFO">Creating an instance of the Chrome WebDriver.</msg>
<arg>${browser_name}</arg>
<arg>D:/robotframwork/Drivers/${browser_name}</arg>
<doc>Creates an instance of Selenium WebDriver.</doc>
<status status="PASS" start="2024-03-09T19:39:31.632428" elapsed="2.519053"/>
</kw>
<kw name="Go To" owner="SeleniumLibrary">
<msg time="2024-03-09T19:39:34.152990" level="INFO">Opening url 'https://www.saucedemo.com/'</msg>
<arg>${base_url}</arg>
<doc>Navigates the current browser window to the provided ``url``.</doc>
<status status="PASS" start="2024-03-09T19:39:34.151481" elapsed="1.389877"/>
</kw>
<kw name="Maximize Browser Window" owner="SeleniumLibrary">
<doc>Maximizes current browser window.</doc>
<status status="PASS" start="2024-03-09T19:39:35.541358" elapsed="0.134651"/>
</kw>
<status status="PASS" start="2024-03-09T19:39:31.631346" elapsed="4.044663"/>
</kw>
<kw name="Fill the login form" owner="Resource">
<kw name="Input Text" owner="SeleniumLibrary">
<msg time="2024-03-09T19:39:35.677011" level="INFO">Typing text 'standard_user' into text field '//*[@id="user-name"]'.</msg>
<arg>${username_text}</arg>
<arg>${username}</arg>
<doc>Types the given ``text`` into the text field identified by ``locator``.</doc>
<status status="PASS" start="2024-03-09T19:39:35.677011" elapsed="0.240170"/>
</kw>
<kw name="Input Text" owner="SeleniumLibrary">
<msg time="2024-03-09T19:39:35.919180" level="INFO">Typing text 'secret_sauce' into text field '//*[@id="password"]'.</msg>
<arg>${password_text}</arg>
<arg>${password}</arg>
<doc>Types the given ``text`` into the text field identified by ``locator``.</doc>
<status status="PASS" start="2024-03-09T19:39:35.918189" elapsed="0.251408"/>
</kw>
<kw name="Click Button" owner="SeleniumLibrary">
<msg time="2024-03-09T19:39:36.170600" level="INFO">Clicking button '//*[@id="login-button"]'.</msg>
<arg>${login_button}</arg>
<doc>Clicks the button identified by ``locator``.</doc>
<status status="PASS" start="2024-03-09T19:39:36.169597" elapsed="0.154348"/>
</kw>
<arg>${valid_username}</arg>
<arg>${valid_password}</arg>
<status status="PASS" start="2024-03-09T19:39:35.676009" elapsed="0.648938"/>
</kw>
<status status="PASS" start="2024-03-09T19:39:31.631346" elapsed="4.693601"/>
</kw>
<kw name="Remove item from the cart from product list page" owner="Resource">
<kw name="Get Dictionary Keys" owner="Collections">
<msg time="2024-03-09T19:39:36.327050" level="INFO">${keys} = ['Sauce Labs Backpack', 'Sauce Labs Bike Light', 'Sauce Labs Bolt T-Shirt', 'Sauce Labs Fleece Jacket', 'Sauce Labs Onesie', 'Test.allTheThings() T-Shirt (Red)']</msg>
<var>${keys}</var>
<arg>${product_name}</arg>
<doc>Returns keys of the given ``dictionary`` as a list.</doc>
<status status="PASS" start="2024-03-09T19:39:36.325960" elapsed="0.001090"/>
</kw>
<kw name="Evaluate" owner="BuiltIn">
<msg time="2024-03-09T19:39:36.328065" level="INFO">${random_value} = Sauce Labs Bolt T-Shirt</msg>
<var>${random_value}</var>
<arg>random.choice(${keys})</arg>
<arg>random</arg>
<doc>Evaluates the given expression in Python and returns the result.</doc>
<status status="PASS" start="2024-03-09T19:39:36.327050" elapsed="0.001015"/>
</kw>
<kw name="Get From Dictionary" owner="Collections">
<msg time="2024-03-09T19:39:36.329068" level="INFO">${xpath_name} = sauce-labs-bolt-t-shirt</msg>
<var>${xpath_name}</var>
<arg>${product_name}</arg>
<arg>${random_value}</arg>
<doc>Returns a value from the given ``dictionary`` based on the given ``key``.</doc>
<status status="PASS" start="2024-03-09T19:39:36.328065" elapsed="0.001003"/>
</kw>
<kw name="Set Variable" owner="BuiltIn">
<msg time="2024-03-09T19:39:36.330067" level="INFO">${add_item} = //button[@id='add-to-cart-sauce-labs-bolt-t-shirt']</msg>
<var>${add_item}</var>
<arg>//button[@id='add-to-cart-${xpath_name}']</arg>
<doc>Returns the given values which can then be assigned to a variables.</doc>
<status status="PASS" start="2024-03-09T19:39:36.329068" elapsed="0.000999"/>
</kw>
<kw name="Click Element" owner="SeleniumLibrary">
<msg time="2024-03-09T19:39:36.330067" level="INFO">Clicking element '//button[@id='add-to-cart-sauce-labs-bolt-t-shirt']'.</msg>
<arg>${add_item}</arg>
<doc>Click the element identified by ``locator``.</doc>
<status status="PASS" start="2024-03-09T19:39:36.330067" elapsed="0.086025"/>
</kw>
<kw name="Set Variable" owner="BuiltIn">
<msg time="2024-03-09T19:39:36.417089" level="INFO">${remove_item} = //button[@id='remove-sauce-labs-bolt-t-shirt']</msg>
<var>${remove_item}</var>
<arg>//button[@id='remove-${xpath_name}']</arg>
<doc>Returns the given values which can then be assigned to a variables.</doc>
<status status="PASS" start="2024-03-09T19:39:36.417089" elapsed="0.000000"/>
</kw>
<kw name="Click Element" owner="SeleniumLibrary">
<msg time="2024-03-09T19:39:36.418087" level="INFO">Clicking element '//button[@id='remove-sauce-labs-bolt-t-shirt']'.</msg>
<arg>${remove_item}</arg>
<doc>Click the element identified by ``locator``.</doc>
<status status="PASS" start="2024-03-09T19:39:36.417089" elapsed="0.074401"/>
</kw>
<status status="PASS" start="2024-03-09T19:39:36.325960" elapsed="0.165530"/>
</kw>
<kw name="Click on Cart icon" owner="Resource">
<kw name="Click Element" owner="SeleniumLibrary">
<msg time="2024-03-09T19:39:36.492999" level="INFO">Clicking element '//div[@id='shopping_cart_container']/a'.</msg>
<arg>${cart_icon}</arg>
<doc>Click the element identified by ``locator``.</doc>
<status status="PASS" start="2024-03-09T19:39:36.492999" elapsed="0.086034"/>
</kw>
<status status="PASS" start="2024-03-09T19:39:36.492999" elapsed="0.086034"/>
</kw>
<kw name="Verify cart item is not present on the cart page" owner="Resource">
<kw name="Element Should Not Be Visible" owner="SeleniumLibrary">
<msg time="2024-03-09T19:39:36.601281" level="INFO">Element '//div[@id='cart_contents_container']/div/div/div[3]' did not exist.</msg>
<arg>${cart_item}</arg>
<doc>Verifies that the element identified by ``locator`` is NOT visible.</doc>
<status status="PASS" start="2024-03-09T19:39:36.580035" elapsed="0.021246"/>
</kw>
<status status="PASS" start="2024-03-09T19:39:36.580035" elapsed="0.021246"/>
</kw>
<kw name="Close Browser Session" owner="Resource" type="TEARDOWN">
<kw name="Close Browser" owner="SeleniumLibrary">
<doc>Closes the current browser.</doc>
<status status="PASS" start="2024-03-09T19:39:36.602279" elapsed="2.253728"/>
</kw>
<status status="PASS" start="2024-03-09T19:39:36.602279" elapsed="2.253728"/>
</kw>
<status status="PASS" start="2024-03-09T19:39:31.630218" elapsed="7.226681"/>
</test>
<test id="s1-s1-t5" name="Validate user can add the product in the cart from product details page" line="37">
<kw name="Login with valid user" owner="Resource" type="SETUP">
<kw name="Open the Browser with URL" owner="Resource">
<kw name="Create Webdriver" owner="SeleniumLibrary">
<msg time="2024-03-09T19:39:38.860989" level="INFO">Creating an instance of the Chrome WebDriver.</msg>
<arg>${browser_name}</arg>
<arg>D:/robotframwork/Drivers/${browser_name}</arg>
<doc>Creates an instance of Selenium WebDriver.</doc>
<status status="PASS" start="2024-03-09T19:39:38.860989" elapsed="2.494524"/>
</kw>
<kw name="Go To" owner="SeleniumLibrary">
<msg time="2024-03-09T19:39:41.355513" level="INFO">Opening url 'https://www.saucedemo.com/'</msg>
<arg>${base_url}</arg>
<doc>Navigates the current browser window to the provided ``url``.</doc>
<status status="PASS" start="2024-03-09T19:39:41.355513" elapsed="1.454785"/>
</kw>
<kw name="Maximize Browser Window" owner="SeleniumLibrary">
<doc>Maximizes current browser window.</doc>
<status status="PASS" start="2024-03-09T19:39:42.811375" elapsed="0.136578"/>
</kw>
<status status="PASS" start="2024-03-09T19:39:38.860989" elapsed="4.086964"/>
</kw>
<kw name="Fill the login form" owner="Resource">
<kw name="Input Text" owner="SeleniumLibrary">
<msg time="2024-03-09T19:39:42.948954" level="INFO">Typing text 'standard_user' into text field '//*[@id="user-name"]'.</msg>
<arg>${username_text}</arg>
<arg>${username}</arg>
<doc>Types the given ``text`` into the text field identified by ``locator``.</doc>
<status status="PASS" start="2024-03-09T19:39:42.947953" elapsed="0.306134"/>
</kw>
<kw name="Input Text" owner="SeleniumLibrary">
<msg time="2024-03-09T19:39:43.255451" level="INFO">Typing text 'secret_sauce' into text field '//*[@id="password"]'.</msg>
<arg>${password_text}</arg>
<arg>${password}</arg>
<doc>Types the given ``text`` into the text field identified by ``locator``.</doc>
<status status="PASS" start="2024-03-09T19:39:43.255451" elapsed="0.174265"/>
</kw>
<kw name="Click Button" owner="SeleniumLibrary">
<msg time="2024-03-09T19:39:43.429716" level="INFO">Clicking button '//*[@id="login-button"]'.</msg>
<arg>${login_button}</arg>
<doc>Clicks the button identified by ``locator``.</doc>
<status status="PASS" start="2024-03-09T19:39:43.429716" elapsed="0.167779"/>
</kw>
<arg>${valid_username}</arg>
<arg>${valid_password}</arg>
<status status="PASS" start="2024-03-09T19:39:42.947953" elapsed="0.649542"/>
</kw>
<status status="PASS" start="2024-03-09T19:39:38.859980" elapsed="4.737515"/>
</kw>
<kw name="Click on Random product name" owner="Resource">
<kw name="Get Dictionary Keys" owner="Collections">
<msg time="2024-03-09T19:39:43.599497" level="INFO">${keys} = ['Sauce Labs Backpack', 'Sauce Labs Bike Light', 'Sauce Labs Bolt T-Shirt', 'Sauce Labs Fleece Jacket', 'Sauce Labs Onesie', 'Test.allTheThings() T-Shirt (Red)']</msg>
<var>${keys}</var>
<arg>${product_name}</arg>
<doc>Returns keys of the given ``dictionary`` as a list.</doc>
<status status="PASS" start="2024-03-09T19:39:43.599497" elapsed="0.000000"/>
</kw>
<kw name="Evaluate" owner="BuiltIn">
<msg time="2024-03-09T19:39:43.600497" level="INFO">${random_value} = Sauce Labs Backpack</msg>
<var>${random_value}</var>
<arg>random.choice(${keys})</arg>
<arg>random</arg>
<doc>Evaluates the given expression in Python and returns the result.</doc>
<status status="PASS" start="2024-03-09T19:39:43.600497" elapsed="0.000000"/>
</kw>
<kw name="Set Variable" owner="BuiltIn">
<msg time="2024-03-09T19:39:43.601497" level="INFO">${item} = //div[text()='Sauce Labs Backpack']</msg>
<var>${item}</var>
<arg>//div[text()='${random_value}']</arg>
<doc>Returns the given values which can then be assigned to a variables.</doc>
<status status="PASS" start="2024-03-09T19:39:43.601497" elapsed="0.000000"/>
</kw>
<kw name="Click Element" owner="SeleniumLibrary">
<msg time="2024-03-09T19:39:43.603012" level="INFO">Clicking element '//div[text()='Sauce Labs Backpack']'.</msg>
<arg>${item}</arg>
<doc>Click the element identified by ``locator``.</doc>
<status status="PASS" start="2024-03-09T19:39:43.601497" elapsed="0.133395"/>
</kw>
<return>
<value>${item}</value>
<status status="PASS" start="2024-03-09T19:39:43.734892" elapsed="0.000000"/>
</return>
<status status="PASS" start="2024-03-09T19:39:43.598493" elapsed="0.137407"/>
</kw>
<kw name="Click on add to cart button from product details page" owner="Resource">
<kw name="Click Element" owner="SeleniumLibrary">
<msg time="2024-03-09T19:39:43.736892" level="INFO">Clicking element '//button[contains(.,'Add to cart')]'.</msg>
<arg>${add_to_cart_button}</arg>
<doc>Click the element identified by ``locator``.</doc>
<status status="PASS" start="2024-03-09T19:39:43.736892" elapsed="0.095297"/>
</kw>
<status status="PASS" start="2024-03-09T19:39:43.736892" elapsed="0.095297"/>
</kw>
<kw name="Click on Cart icon" owner="Resource">
<kw name="Click Element" owner="SeleniumLibrary">
<msg time="2024-03-09T19:39:43.833692" level="INFO">Clicking element '//div[@id='shopping_cart_container']/a'.</msg>
<arg>${cart_icon}</arg>
<doc>Click the element identified by ``locator``.</doc>
<status status="PASS" start="2024-03-09T19:39:43.833692" elapsed="0.091642"/>
</kw>
<status status="PASS" start="2024-03-09T19:39:43.833183" elapsed="0.092151"/>
</kw>
<kw name="Verify cart item is present on the cart page" owner="Resource">
<kw name="Element Should Be Visible" owner="SeleniumLibrary">
<msg time="2024-03-09T19:39:43.972930" level="INFO">Element '//div[@id='cart_contents_container']/div/div/div[3]' is displayed.</msg>
<arg>${cart_item}</arg>
<doc>Verifies that the element identified by ``locator`` is visible.</doc>
<status status="PASS" start="2024-03-09T19:39:43.927332" elapsed="0.045598"/>
</kw>
<status status="PASS" start="2024-03-09T19:39:43.926334" elapsed="0.046596"/>
</kw>
<kw name="Close Browser Session" owner="Resource" type="TEARDOWN">
<kw name="Close Browser" owner="SeleniumLibrary">
<doc>Closes the current browser.</doc>
<status status="PASS" start="2024-03-09T19:39:43.974453" elapsed="2.271045"/>
</kw>
<status status="PASS" start="2024-03-09T19:39:43.973438" elapsed="2.273043"/>
</kw>
<status status="PASS" start="2024-03-09T19:39:38.858893" elapsed="7.388521"/>
</test>
<test id="s1-s1-t6" name="Validate user can remove the product from cart from product details page" line="43">
<kw name="Login with valid user" owner="Resource" type="SETUP">
<kw name="Open the Browser with URL" owner="Resource">
<kw name="Create Webdriver" owner="SeleniumLibrary">
<msg time="2024-03-09T19:39:46.250484" level="INFO">Creating an instance of the Chrome WebDriver.</msg>
<arg>${browser_name}</arg>
<arg>D:/robotframwork/Drivers/${browser_name}</arg>
<doc>Creates an instance of Selenium WebDriver.</doc>
<status status="PASS" start="2024-03-09T19:39:46.250484" elapsed="2.458489"/>
</kw>
<kw name="Go To" owner="SeleniumLibrary">
<msg time="2024-03-09T19:39:48.708973" level="INFO">Opening url 'https://www.saucedemo.com/'</msg>
<arg>${base_url}</arg>
<doc>Navigates the current browser window to the provided ``url``.</doc>
<status status="PASS" start="2024-03-09T19:39:48.708973" elapsed="1.654717"/>
</kw>
<kw name="Maximize Browser Window" owner="SeleniumLibrary">
<doc>Maximizes current browser window.</doc>
<status status="PASS" start="2024-03-09T19:39:50.363690" elapsed="0.124412"/>
</kw>
<status status="PASS" start="2024-03-09T19:39:46.250484" elapsed="4.238619"/>
</kw>
<kw name="Fill the login form" owner="Resource">
<kw name="Input Text" owner="SeleniumLibrary">
<msg time="2024-03-09T19:39:50.490101" level="INFO">Typing text 'standard_user' into text field '//*[@id="user-name"]'.</msg>
<arg>${username_text}</arg>
<arg>${username}</arg>
<doc>Types the given ``text`` into the text field identified by ``locator``.</doc>
<status status="PASS" start="2024-03-09T19:39:50.489103" elapsed="0.266825"/>
</kw>
<kw name="Input Text" owner="SeleniumLibrary">
<msg time="2024-03-09T19:39:50.757942" level="INFO">Typing text 'secret_sauce' into text field '//*[@id="password"]'.</msg>
<arg>${password_text}</arg>
<arg>${password}</arg>
<doc>Types the given ``text`` into the text field identified by ``locator``.</doc>
<status status="PASS" start="2024-03-09T19:39:50.756942" elapsed="0.211971"/>
</kw>
<kw name="Click Button" owner="SeleniumLibrary">
<msg time="2024-03-09T19:39:50.969958" level="INFO">Clicking button '//*[@id="login-button"]'.</msg>
<arg>${login_button}</arg>
<doc>Clicks the button identified by ``locator``.</doc>
<status status="PASS" start="2024-03-09T19:39:50.968913" elapsed="0.165072"/>
</kw>
<arg>${valid_username}</arg>
<arg>${valid_password}</arg>
<status status="PASS" start="2024-03-09T19:39:50.489103" elapsed="0.644882"/>
</kw>
<status status="PASS" start="2024-03-09T19:39:46.249396" elapsed="4.884589"/>
</kw>
<kw name="Click on Random product name" owner="Resource">
<kw name="Get Dictionary Keys" owner="Collections">
<msg time="2024-03-09T19:39:51.135988" level="INFO">${keys} = ['Sauce Labs Backpack', 'Sauce Labs Bike Light', 'Sauce Labs Bolt T-Shirt', 'Sauce Labs Fleece Jacket', 'Sauce Labs Onesie', 'Test.allTheThings() T-Shirt (Red)']</msg>
<var>${keys}</var>
<arg>${product_name}</arg>
<doc>Returns keys of the given ``dictionary`` as a list.</doc>
<status status="PASS" start="2024-03-09T19:39:51.134986" elapsed="0.001002"/>
</kw>
<kw name="Evaluate" owner="BuiltIn">
<msg time="2024-03-09T19:39:51.135988" level="INFO">${random_value} = Sauce Labs Onesie</msg>
<var>${random_value}</var>
<arg>random.choice(${keys})</arg>
<arg>random</arg>
<doc>Evaluates the given expression in Python and returns the result.</doc>
<status status="PASS" start="2024-03-09T19:39:51.135988" elapsed="0.000997"/>
</kw>
<kw name="Set Variable" owner="BuiltIn">
<msg time="2024-03-09T19:39:51.137987" level="INFO">${item} = //div[text()='Sauce Labs Onesie']</msg>
<var>${item}</var>
<arg>//div[text()='${random_value}']</arg>
<doc>Returns the given values which can then be assigned to a variables.</doc>
<status status="PASS" start="2024-03-09T19:39:51.136985" elapsed="0.001002"/>
</kw>
<kw name="Click Element" owner="SeleniumLibrary">
<msg time="2024-03-09T19:39:51.138987" level="INFO">Clicking element '//div[text()='Sauce Labs Onesie']'.</msg>
<arg>${item}</arg>
<doc>Click the element identified by ``locator``.</doc>
<status status="PASS" start="2024-03-09T19:39:51.137987" elapsed="0.147007"/>
</kw>
<return>
<value>${item}</value>
<status status="PASS" start="2024-03-09T19:39:51.284994" elapsed="0.000990"/>
</return>
<status status="PASS" start="2024-03-09T19:39:51.134986" elapsed="0.150998"/>
</kw>
<kw name="Click on add to cart button from product details page" owner="Resource">
<kw name="Click Element" owner="SeleniumLibrary">
<msg time="2024-03-09T19:39:51.288987" level="INFO">Clicking element '//button[contains(.,'Add to cart')]'.</msg>
<arg>${add_to_cart_button}</arg>
<doc>Click the element identified by ``locator``.</doc>
<status status="PASS" start="2024-03-09T19:39:51.287986" elapsed="0.123009"/>
</kw>
<status status="PASS" start="2024-03-09T19:39:51.286990" elapsed="0.125021"/>
</kw>
<kw name="Click Remove button" owner="Resource">
<kw name="Click Element" owner="SeleniumLibrary">
<msg time="2024-03-09T19:39:51.414540" level="INFO">Clicking element '//button[contains(.,'Remove')]'.</msg>
<arg>${remove_button}</arg>
<doc>Click the element identified by ``locator``.</doc>
<status status="PASS" start="2024-03-09T19:39:51.414540" elapsed="0.105174"/>
</kw>
<status status="PASS" start="2024-03-09T19:39:51.412993" elapsed="0.106721"/>
</kw>
<kw name="Click on Cart icon" owner="Resource">
<kw name="Click Element" owner="SeleniumLibrary">
<msg time="2024-03-09T19:39:51.520715" level="INFO">Clicking element '//div[@id='shopping_cart_container']/a'.</msg>
<arg>${cart_icon}</arg>
<doc>Click the element identified by ``locator``.</doc>
<status status="PASS" start="2024-03-09T19:39:51.520715" elapsed="0.089261"/>
</kw>
<status status="PASS" start="2024-03-09T19:39:51.520715" elapsed="0.089261"/>
</kw>
<kw name="Verify cart item is not present on the cart page" owner="Resource">
<kw name="Element Should Not Be Visible" owner="SeleniumLibrary">
<msg time="2024-03-09T19:39:51.633092" level="INFO">Element '//div[@id='cart_contents_container']/div/div/div[3]' did not exist.</msg>
<arg>${cart_item}</arg>
<doc>Verifies that the element identified by ``locator`` is NOT visible.</doc>
<status status="PASS" start="2024-03-09T19:39:51.611982" elapsed="0.021110"/>
</kw>
<status status="PASS" start="2024-03-09T19:39:51.610976" elapsed="0.022116"/>
</kw>
<kw name="Close Browser Session" owner="Resource" type="TEARDOWN">
<kw name="Close Browser" owner="SeleniumLibrary">
<doc>Closes the current browser.</doc>
<status status="PASS" start="2024-03-09T19:39:51.634617" elapsed="2.297813"/>
</kw>
<status status="PASS" start="2024-03-09T19:39:51.634617" elapsed="2.297813"/>
</kw>
<status status="PASS" start="2024-03-09T19:39:46.249396" elapsed="7.683879"/>
</test>
<test id="s1-s1-t7" name="Validate user can remove product from cart page" line="50">
<kw name="Login with valid user" owner="Resource" type="SETUP">
<kw name="Open the Browser with URL" owner="Resource">
<kw name="Create Webdriver" owner="SeleniumLibrary">
<msg time="2024-03-09T19:39:53.935512" level="INFO">Creating an instance of the Chrome WebDriver.</msg>
<arg>${browser_name}</arg>
<arg>D:/robotframwork/Drivers/${browser_name}</arg>
<doc>Creates an instance of Selenium WebDriver.</doc>
<status status="PASS" start="2024-03-09T19:39:53.935512" elapsed="2.502509"/>
</kw>
<kw name="Go To" owner="SeleniumLibrary">
<msg time="2024-03-09T19:39:56.439021" level="INFO">Opening url 'https://www.saucedemo.com/'</msg>
<arg>${base_url}</arg>
<doc>Navigates the current browser window to the provided ``url``.</doc>
<status status="PASS" start="2024-03-09T19:39:56.439021" elapsed="1.949311"/>
</kw>
<kw name="Maximize Browser Window" owner="SeleniumLibrary">
<doc>Maximizes current browser window.</doc>
<status status="PASS" start="2024-03-09T19:39:58.388332" elapsed="0.145657"/>
</kw>
<status status="PASS" start="2024-03-09T19:39:53.935512" elapsed="4.598477"/>
</kw>
<kw name="Fill the login form" owner="Resource">
<kw name="Input Text" owner="SeleniumLibrary">
<msg time="2024-03-09T19:39:58.536472" level="INFO">Typing text 'standard_user' into text field '//*[@id="user-name"]'.</msg>
<arg>${username_text}</arg>
<arg>${username}</arg>
<doc>Types the given ``text`` into the text field identified by ``locator``.</doc>
<status status="PASS" start="2024-03-09T19:39:58.535460" elapsed="0.254425"/>
</kw>
<kw name="Input Text" owner="SeleniumLibrary">
<msg time="2024-03-09T19:39:58.790881" level="INFO">Typing text 'secret_sauce' into text field '//*[@id="password"]'.</msg>
<arg>${password_text}</arg>
<arg>${password}</arg>
<doc>Types the given ``text`` into the text field identified by ``locator``.</doc>
<status status="PASS" start="2024-03-09T19:39:58.790881" elapsed="0.200493"/>
</kw>
<kw name="Click Button" owner="SeleniumLibrary">
<msg time="2024-03-09T19:39:58.992375" level="INFO">Clicking button '//*[@id="login-button"]'.</msg>
<arg>${login_button}</arg>
<doc>Clicks the button identified by ``locator``.</doc>
<status status="PASS" start="2024-03-09T19:39:58.991374" elapsed="0.247916"/>
</kw>
<arg>${valid_username}</arg>
<arg>${valid_password}</arg>
<status status="PASS" start="2024-03-09T19:39:58.535460" elapsed="0.703830"/>
</kw>
<status status="PASS" start="2024-03-09T19:39:53.935512" elapsed="5.303778"/>
</kw>
<kw name="Click on Random product name" owner="Resource">
<kw name="Get Dictionary Keys" owner="Collections">
<msg time="2024-03-09T19:39:59.242289" level="INFO">${keys} = ['Sauce Labs Backpack', 'Sauce Labs Bike Light', 'Sauce Labs Bolt T-Shirt', 'Sauce Labs Fleece Jacket', 'Sauce Labs Onesie', 'Test.allTheThings() T-Shirt (Red)']</msg>
<var>${keys}</var>
<arg>${product_name}</arg>
<doc>Returns keys of the given ``dictionary`` as a list.</doc>
<status status="PASS" start="2024-03-09T19:39:59.241286" elapsed="0.001003"/>
</kw>
<kw name="Evaluate" owner="BuiltIn">
<msg time="2024-03-09T19:39:59.244820" level="INFO">${random_value} = Test.allTheThings() T-Shirt (Red)</msg>
<var>${random_value}</var>
<arg>random.choice(${keys})</arg>
<arg>random</arg>
<doc>Evaluates the given expression in Python and returns the result.</doc>
<status status="PASS" start="2024-03-09T19:39:59.243290" elapsed="0.001530"/>
</kw>
<kw name="Set Variable" owner="BuiltIn">
<msg time="2024-03-09T19:39:59.244820" level="INFO">${item} = //div[text()='Test.allTheThings() T-Shirt (Red)']</msg>
<var>${item}</var>
<arg>//div[text()='${random_value}']</arg>
<doc>Returns the given values which can then be assigned to a variables.</doc>
<status status="PASS" start="2024-03-09T19:39:59.244820" elapsed="0.000000"/>
</kw>
<kw name="Click Element" owner="SeleniumLibrary">
<msg time="2024-03-09T19:39:59.245830" level="INFO">Clicking element '//div[text()='Test.allTheThings() T-Shirt (Red)']'.</msg>
<arg>${item}</arg>
<doc>Click the element identified by ``locator``.</doc>
<status status="PASS" start="2024-03-09T19:39:59.245830" elapsed="0.221344"/>
</kw>
<return>
<value>${item}</value>
<status status="PASS" start="2024-03-09T19:39:59.468239" elapsed="0.000000"/>
</return>
<status status="PASS" start="2024-03-09T19:39:59.240286" elapsed="0.227953"/>
</kw>
<kw name="Click on add to cart button from product details page" owner="Resource">
<kw name="Click Element" owner="SeleniumLibrary">
<msg time="2024-03-09T19:39:59.472678" level="INFO">Clicking element '//button[contains(.,'Add to cart')]'.</msg>
<arg>${add_to_cart_button}</arg>
<doc>Click the element identified by ``locator``.</doc>
<status status="PASS" start="2024-03-09T19:39:59.471722" elapsed="0.144683"/>
</kw>
<status status="PASS" start="2024-03-09T19:39:59.470708" elapsed="0.146706"/>
</kw>
<kw name="Click on Cart icon" owner="Resource">
<kw name="Click Element" owner="SeleniumLibrary">
<msg time="2024-03-09T19:39:59.619400" level="INFO">Clicking element '//div[@id='shopping_cart_container']/a'.</msg>
<arg>${cart_icon}</arg>
<doc>Click the element identified by ``locator``.</doc>
<status status="PASS" start="2024-03-09T19:39:59.619400" elapsed="0.105203"/>
</kw>
<status status="PASS" start="2024-03-09T19:39:59.619400" elapsed="0.106220"/>
</kw>
<kw name="Verify cart item is present on the cart page" owner="Resource">
<kw name="Element Should Be Visible" owner="SeleniumLibrary">
<msg time="2024-03-09T19:39:59.791920" level="INFO">Element '//div[@id='cart_contents_container']/div/div/div[3]' is displayed.</msg>
<arg>${cart_item}</arg>
<doc>Verifies that the element identified by ``locator`` is visible.</doc>
<status status="PASS" start="2024-03-09T19:39:59.727624" elapsed="0.064296"/>
</kw>
<status status="PASS" start="2024-03-09T19:39:59.725620" elapsed="0.066300"/>
</kw>
<kw name="Click Remove button" owner="Resource">
<kw name="Click Element" owner="SeleniumLibrary">
<msg time="2024-03-09T19:39:59.794458" level="INFO">Clicking element '//button[contains(.,'Remove')]'.</msg>
<arg>${remove_button}</arg>
<doc>Click the element identified by ``locator``.</doc>
<status status="PASS" start="2024-03-09T19:39:59.793435" elapsed="0.129940"/>
</kw>
<status status="PASS" start="2024-03-09T19:39:59.792920" elapsed="0.131325"/>
</kw>
<kw name="Verify cart item is not present on the cart page" owner="Resource">
<kw name="Element Should Not Be Visible" owner="SeleniumLibrary">
<msg time="2024-03-09T19:39:59.967582" level="INFO">Element '//div[@id='cart_contents_container']/div/div/div[3]' exists but is not displayed.</msg>
<arg>${cart_item}</arg>
<doc>Verifies that the element identified by ``locator`` is NOT visible.</doc>
<status status="PASS" start="2024-03-09T19:39:59.928653" elapsed="0.038929"/>
</kw>
<status status="PASS" start="2024-03-09T19:39:59.927270" elapsed="0.041319"/>
</kw>
<kw name="Close Browser Session" owner="Resource" type="TEARDOWN">
<kw name="Close Browser" owner="SeleniumLibrary">
<doc>Closes the current browser.</doc>
<status status="PASS" start="2024-03-09T19:39:59.970601" elapsed="2.355318"/>
</kw>
<status status="PASS" start="2024-03-09T19:39:59.969582" elapsed="2.356337"/>
</kw>
<status status="PASS" start="2024-03-09T19:39:53.934416" elapsed="8.392499"/>
</test>
<test id="s1-s1-t8" name="Validate user can add multiple items in the cart" line="58">
<kw name="Login with valid user" owner="Resource" type="SETUP">
<kw name="Open the Browser with URL" owner="Resource">
<kw name="Create Webdriver" owner="SeleniumLibrary">
<msg time="2024-03-09T19:40:02.331511" level="INFO">Creating an instance of the Chrome WebDriver.</msg>
<arg>${browser_name}</arg>
<arg>D:/robotframwork/Drivers/${browser_name}</arg>
<doc>Creates an instance of Selenium WebDriver.</doc>
<status status="PASS" start="2024-03-09T19:40:02.331511" elapsed="2.646901"/>
</kw>
<kw name="Go To" owner="SeleniumLibrary">
<msg time="2024-03-09T19:40:04.979412" level="INFO">Opening url 'https://www.saucedemo.com/'</msg>
<arg>${base_url}</arg>
<doc>Navigates the current browser window to the provided ``url``.</doc>
<status status="PASS" start="2024-03-09T19:40:04.979412" elapsed="2.324120"/>
</kw>
<kw name="Maximize Browser Window" owner="SeleniumLibrary">
<doc>Maximizes current browser window.</doc>
<status status="PASS" start="2024-03-09T19:40:07.303532" elapsed="0.143043"/>
</kw>
<status status="PASS" start="2024-03-09T19:40:02.330187" elapsed="5.117389"/>
</kw>
<kw name="Fill the login form" owner="Resource">
<kw name="Input Text" owner="SeleniumLibrary">
<msg time="2024-03-09T19:40:07.450571" level="INFO">Typing text 'standard_user' into text field '//*[@id="user-name"]'.</msg>
<arg>${username_text}</arg>
<arg>${username}</arg>
<doc>Types the given ``text`` into the text field identified by ``locator``.</doc>
<status status="PASS" start="2024-03-09T19:40:07.449570" elapsed="0.256374"/>
</kw>
<kw name="Input Text" owner="SeleniumLibrary">
<msg time="2024-03-09T19:40:07.706941" level="INFO">Typing text 'secret_sauce' into text field '//*[@id="password"]'.</msg>
<arg>${password_text}</arg>
<arg>${password}</arg>
<doc>Types the given ``text`` into the text field identified by ``locator``.</doc>
<status status="PASS" start="2024-03-09T19:40:07.706941" elapsed="0.228348"/>
</kw>
<kw name="Click Button" owner="SeleniumLibrary">
<msg time="2024-03-09T19:40:07.936284" level="INFO">Clicking button '//*[@id="login-button"]'.</msg>
<arg>${login_button}</arg>
<doc>Clicks the button identified by ``locator``.</doc>
<status status="PASS" start="2024-03-09T19:40:07.935289" elapsed="0.210813"/>
</kw>
<arg>${valid_username}</arg>
<arg>${valid_password}</arg>
<status status="PASS" start="2024-03-09T19:40:07.448569" elapsed="0.697533"/>
</kw>
<status status="PASS" start="2024-03-09T19:40:02.330187" elapsed="5.815915"/>
</kw>
<kw name="Add multiple product items in the cart" owner="Resource">
<kw name="Get Element Count" owner="SeleniumLibrary">
<msg time="2024-03-09T19:40:08.194863" level="INFO">${total_products} = 6</msg>
<var>${total_products}</var>
<arg>${product_list}</arg>
<doc>Returns the number of elements matching ``locator``.</doc>
<status status="PASS" start="2024-03-09T19:40:08.148102" elapsed="0.046761"/>
</kw>
<kw name="Create List" owner="BuiltIn">
<msg time="2024-03-09T19:40:08.194863" level="INFO">${item_list} = []</msg>
<var>${item_list}</var>
<doc>Returns a list containing given items.</doc>
<status status="PASS" start="2024-03-09T19:40:08.194863" elapsed="0.000000"/>
</kw>
<for flavor="IN RANGE">
<iter>
<kw name="Get Text" owner="SeleniumLibrary">
<msg time="2024-03-09T19:40:08.246708" level="INFO">${item} = Sauce Labs Backpack</msg>
<var>${item}</var>
<arg>(${product_list})[${counter}]</arg>
<doc>Returns the text value of the element identified by ``locator``.</doc>
<status status="PASS" start="2024-03-09T19:40:08.195876" elapsed="0.050832"/>
</kw>
<kw name="Append To List" owner="Collections">
<arg>${item_list}</arg>
<arg>${item}</arg>
<doc>Adds ``values`` to the end of ``list``.</doc>
<status status="PASS" start="2024-03-09T19:40:08.246708" elapsed="0.000000"/>
</kw>
<var name="${counter}">1</var>
<status status="PASS" start="2024-03-09T19:40:08.195876" elapsed="0.050832"/>
</iter>
<iter>
<kw name="Get Text" owner="SeleniumLibrary">
<msg time="2024-03-09T19:40:08.292377" level="INFO">${item} = Sauce Labs Bike Light</msg>
<var>${item}</var>
<arg>(${product_list})[${counter}]</arg>
<doc>Returns the text value of the element identified by ``locator``.</doc>
<status status="PASS" start="2024-03-09T19:40:08.248185" elapsed="0.044192"/>
</kw>
<kw name="Append To List" owner="Collections">
<arg>${item_list}</arg>
<arg>${item}</arg>
<doc>Adds ``values`` to the end of ``list``.</doc>
<status status="PASS" start="2024-03-09T19:40:08.292377" elapsed="0.001006"/>
</kw>
<var name="${counter}">2</var>
<status status="PASS" start="2024-03-09T19:40:08.248185" elapsed="0.045198"/>
</iter>
<iter>
<kw name="Get Text" owner="SeleniumLibrary">
<msg time="2024-03-09T19:40:08.339441" level="INFO">${item} = Sauce Labs Bolt T-Shirt</msg>
<var>${item}</var>
<arg>(${product_list})[${counter}]</arg>
<doc>Returns the text value of the element identified by ``locator``.</doc>
<status status="PASS" start="2024-03-09T19:40:08.293910" elapsed="0.045531"/>
</kw>
<kw name="Append To List" owner="Collections">
<arg>${item_list}</arg>
<arg>${item}</arg>
<doc>Adds ``values`` to the end of ``list``.</doc>
<status status="PASS" start="2024-03-09T19:40:08.339441" elapsed="0.001007"/>
</kw>
<var name="${counter}">3</var>
<status status="PASS" start="2024-03-09T19:40:08.293910" elapsed="0.047543"/>
</iter>
<iter>
<kw name="Get Text" owner="SeleniumLibrary">
<msg time="2024-03-09T19:40:08.393964" level="INFO">${item} = Sauce Labs Fleece Jacket</msg>
<var>${item}</var>
<arg>(${product_list})[${counter}]</arg>
<doc>Returns the text value of the element identified by ``locator``.</doc>
<status status="PASS" start="2024-03-09T19:40:08.341453" elapsed="0.052511"/>
</kw>
<kw name="Append To List" owner="Collections">
<arg>${item_list}</arg>
<arg>${item}</arg>
<doc>Adds ``values`` to the end of ``list``.</doc>
<status status="PASS" start="2024-03-09T19:40:08.394967" elapsed="0.000000"/>
</kw>
<var name="${counter}">4</var>
<status status="PASS" start="2024-03-09T19:40:08.341453" elapsed="0.054522"/>
</iter>
<iter>
<kw name="Get Text" owner="SeleniumLibrary">
<msg time="2024-03-09T19:40:08.439971" level="INFO">${item} = Sauce Labs Onesie</msg>
<var>${item}</var>
<arg>(${product_list})[${counter}]</arg>
<doc>Returns the text value of the element identified by ``locator``.</doc>
<status status="PASS" start="2024-03-09T19:40:08.395975" elapsed="0.043996"/>
</kw>
<kw name="Append To List" owner="Collections">
<arg>${item_list}</arg>
<arg>${item}</arg>
<doc>Adds ``values`` to the end of ``list``.</doc>
<status status="PASS" start="2024-03-09T19:40:08.439971" elapsed="0.000000"/>
</kw>
<var name="${counter}">5</var>
<status status="PASS" start="2024-03-09T19:40:08.395975" elapsed="0.044997"/>
</iter>
<iter>
<kw name="Get Text" owner="SeleniumLibrary">
<msg time="2024-03-09T19:40:08.479263" level="INFO">${item} = Test.allTheThings() T-Shirt (Red)</msg>
<var>${item}</var>
<arg>(${product_list})[${counter}]</arg>
<doc>Returns the text value of the element identified by ``locator``.</doc>
<status status="PASS" start="2024-03-09T19:40:08.440972" elapsed="0.038291"/>
</kw>
<kw name="Append To List" owner="Collections">
<arg>${item_list}</arg>
<arg>${item}</arg>
<doc>Adds ``values`` to the end of ``list``.</doc>
<status status="PASS" start="2024-03-09T19:40:08.479263" elapsed="0.000998"/>
</kw>
<var name="${counter}">6</var>
<status status="PASS" start="2024-03-09T19:40:08.440972" elapsed="0.039289"/>
</iter>
<var>${counter}</var>
<value>1</value>
<value>${total_products}+1</value>
<status status="PASS" start="2024-03-09T19:40:08.194863" elapsed="0.285398"/>
</for>
<kw name="Evaluate" owner="BuiltIn">
<msg time="2024-03-09T19:40:08.481266" level="INFO">${random_number} = 4</msg>
<var>${random_number}</var>
<arg>random.randint(1, ${total_products})</arg>
<doc>Evaluates the given expression in Python and returns the result.</doc>
<status status="PASS" start="2024-03-09T19:40:08.480261" elapsed="0.001005"/>
</kw>
<kw name="Evaluate" owner="BuiltIn">
<msg time="2024-03-09T19:40:08.481266" level="INFO">${random_values} = ['Sauce Labs Backpack', 'Sauce Labs Fleece Jacket', 'Test.allTheThings() T-Shirt (Red)', 'Sauce Labs Bolt T-Shirt']</msg>
<var>${random_values}</var>
<arg>random.sample(${item_list}, ${random_number})</arg>
<doc>Evaluates the given expression in Python and returns the result.</doc>
<status status="PASS" start="2024-03-09T19:40:08.481266" elapsed="0.001523"/>
</kw>
<for flavor="IN RANGE">
<iter>
<for flavor="IN">
<iter>
<kw name="Get From List" owner="Collections">
<msg time="2024-03-09T19:40:08.484424" level="INFO">${product} = Sauce Labs Backpack</msg>
<var>${product}</var>
<arg>${item}</arg>
<arg>${index}</arg>
<doc>Returns the value specified with an ``index`` from ``list``.</doc>
<status status="PASS" start="2024-03-09T19:40:08.483512" elapsed="0.000912"/>
</kw>
<kw name="Get From Dictionary" owner="Collections">
<msg time="2024-03-09T19:40:08.484424" level="INFO">${xpath_name} = sauce-labs-backpack</msg>
<var>${xpath_name}</var>
<arg>${product_name}</arg>
<arg>${product}</arg>
<doc>Returns a value from the given ``dictionary`` based on the given ``key``.</doc>
<status status="PASS" start="2024-03-09T19:40:08.484424" elapsed="0.000000"/>
</kw>
<kw name="Set Variable" owner="BuiltIn">
<msg time="2024-03-09T19:40:08.485443" level="INFO">${add_item} = //button[@id='add-to-cart-sauce-labs-backpack']</msg>
<var>${add_item}</var>
<arg>//button[@id='add-to-cart-${xpath_name}']</arg>
<doc>Returns the given values which can then be assigned to a variables.</doc>
<status status="PASS" start="2024-03-09T19:40:08.484424" elapsed="0.001019"/>
</kw>
<kw name="Click Element" owner="SeleniumLibrary">
<msg time="2024-03-09T19:40:08.486440" level="INFO">Clicking element '//button[@id='add-to-cart-sauce-labs-backpack']'.</msg>
<arg>${add_item}</arg>
<doc>Click the element identified by ``locator``.</doc>
<status status="PASS" start="2024-03-09T19:40:08.485443" elapsed="0.071836"/>
</kw>
<var name="${item}">['Sauce Labs Backpack', 'Sauce Labs Fleece Jacket', 'Test.allTheThings() T-Shirt (Red)', 'Sauce Labs Bolt T-Shirt']</var>
<status status="PASS" start="2024-03-09T19:40:08.483512" elapsed="0.073767"/>
</iter>
<var>${item}</var>
<value>${random_values}</value>
<status status="PASS" start="2024-03-09T19:40:08.483512" elapsed="0.073767"/>
</for>
<var name="${index}">0</var>
<status status="PASS" start="2024-03-09T19:40:08.483512" elapsed="0.073767"/>
</iter>
<iter>
<for flavor="IN">
<iter>
<kw name="Get From List" owner="Collections">
<msg time="2024-03-09T19:40:08.559287" level="INFO">${product} = Sauce Labs Fleece Jacket</msg>
<var>${product}</var>
<arg>${item}</arg>
<arg>${index}</arg>
<doc>Returns the value specified with an ``index`` from ``list``.</doc>
<status status="PASS" start="2024-03-09T19:40:08.559287" elapsed="0.000000"/>
</kw>
<kw name="Get From Dictionary" owner="Collections">
<msg time="2024-03-09T19:40:08.560294" level="INFO">${xpath_name} = sauce-labs-fleece-jacket</msg>
<var>${xpath_name}</var>
<arg>${product_name}</arg>
<arg>${product}</arg>
<doc>Returns a value from the given ``dictionary`` based on the given ``key``.</doc>
<status status="PASS" start="2024-03-09T19:40:08.560294" elapsed="0.000000"/>
</kw>
<kw name="Set Variable" owner="BuiltIn">
<msg time="2024-03-09T19:40:08.561293" level="INFO">${add_item} = //button[@id='add-to-cart-sauce-labs-fleece-jacket']</msg>
<var>${add_item}</var>
<arg>//button[@id='add-to-cart-${xpath_name}']</arg>
<doc>Returns the given values which can then be assigned to a variables.</doc>
<status status="PASS" start="2024-03-09T19:40:08.560294" elapsed="0.000999"/>
</kw>
<kw name="Click Element" owner="SeleniumLibrary">
<msg time="2024-03-09T19:40:08.562294" level="INFO">Clicking element '//button[@id='add-to-cart-sauce-labs-fleece-jacket']'.</msg>
<arg>${add_item}</arg>
<doc>Click the element identified by ``locator``.</doc>
<status status="PASS" start="2024-03-09T19:40:08.561293" elapsed="0.122070"/>
</kw>
<var name="${item}">['Sauce Labs Backpack', 'Sauce Labs Fleece Jacket', 'Test.allTheThings() T-Shirt (Red)', 'Sauce Labs Bolt T-Shirt']</var>
<status status="PASS" start="2024-03-09T19:40:08.558281" elapsed="0.125082"/>
</iter>
<var>${item}</var>
<value>${random_values}</value>
<status status="PASS" start="2024-03-09T19:40:08.558281" elapsed="0.125082"/>
</for>
<var name="${index}">1</var>
<status status="PASS" start="2024-03-09T19:40:08.558281" elapsed="0.126033"/>
</iter>
<iter>
<for flavor="IN">
<iter>
<kw name="Get From List" owner="Collections">
<msg time="2024-03-09T19:40:08.686353" level="INFO">${product} = Test.allTheThings() T-Shirt (Red)</msg>
<var>${product}</var>
<arg>${item}</arg>
<arg>${index}</arg>
<doc>Returns the value specified with an ``index`` from ``list``.</doc>
<status status="PASS" start="2024-03-09T19:40:08.685332" elapsed="0.001021"/>
</kw>
<kw name="Get From Dictionary" owner="Collections">
<msg time="2024-03-09T19:40:08.688350" level="INFO">${xpath_name} = test.allthethings()-t-shirt-(red)</msg>
<var>${xpath_name}</var>
<arg>${product_name}</arg>
<arg>${product}</arg>
<doc>Returns a value from the given ``dictionary`` based on the given ``key``.</doc>
<status status="PASS" start="2024-03-09T19:40:08.687353" elapsed="0.000997"/>
</kw>
<kw name="Set Variable" owner="BuiltIn">
<msg time="2024-03-09T19:40:08.688350" level="INFO">${add_item} = //button[@id='add-to-cart-test.allthethings()-t-shirt-(red)']</msg>
<var>${add_item}</var>
<arg>//button[@id='add-to-cart-${xpath_name}']</arg>
<doc>Returns the given values which can then be assigned to a variables.</doc>
<status status="PASS" start="2024-03-09T19:40:08.688350" elapsed="0.000000"/>
</kw>
<kw name="Click Element" owner="SeleniumLibrary">
<msg time="2024-03-09T19:40:08.689348" level="INFO">Clicking element '//button[@id='add-to-cart-test.allthethings()-t-shirt-(red)']'.</msg>
<arg>${add_item}</arg>
<doc>Click the element identified by ``locator``.</doc>
<status status="PASS" start="2024-03-09T19:40:08.688350" elapsed="0.073676"/>
</kw>
<var name="${item}">['Sauce Labs Backpack', 'Sauce Labs Fleece Jacket', 'Test.allTheThings() T-Shirt (Red)', 'Sauce Labs Bolt T-Shirt']</var>
<status status="PASS" start="2024-03-09T19:40:08.685332" elapsed="0.076694"/>
</iter>
<var>${item}</var>
<value>${random_values}</value>
<status status="PASS" start="2024-03-09T19:40:08.684314" elapsed="0.077712"/>
</for>
<var name="${index}">2</var>
<status status="PASS" start="2024-03-09T19:40:08.684314" elapsed="0.077712"/>
</iter>
<iter>
<for flavor="IN">
<iter>
<kw name="Get From List" owner="Collections">
<msg time="2024-03-09T19:40:08.763600" level="INFO">${product} = Sauce Labs Bolt T-Shirt</msg>
<var>${product}</var>
<arg>${item}</arg>
<arg>${index}</arg>
<doc>Returns the value specified with an ``index`` from ``list``.</doc>
<status status="PASS" start="2024-03-09T19:40:08.763600" elapsed="0.001019"/>
</kw>
<kw name="Get From Dictionary" owner="Collections">
<msg time="2024-03-09T19:40:08.764619" level="INFO">${xpath_name} = sauce-labs-bolt-t-shirt</msg>
<var>${xpath_name}</var>
<arg>${product_name}</arg>
<arg>${product}</arg>
<doc>Returns a value from the given ``dictionary`` based on the given ``key``.</doc>
<status status="PASS" start="2024-03-09T19:40:08.764619" elapsed="0.000000"/>
</kw>
<kw name="Set Variable" owner="BuiltIn">
<msg time="2024-03-09T19:40:08.766089" level="INFO">${add_item} = //button[@id='add-to-cart-sauce-labs-bolt-t-shirt']</msg>
<var>${add_item}</var>
<arg>//button[@id='add-to-cart-${xpath_name}']</arg>
<doc>Returns the given values which can then be assigned to a variables.</doc>
<status status="PASS" start="2024-03-09T19:40:08.766089" elapsed="0.001012"/>
</kw>
<kw name="Click Element" owner="SeleniumLibrary">
<msg time="2024-03-09T19:40:08.767101" level="INFO">Clicking element '//button[@id='add-to-cart-sauce-labs-bolt-t-shirt']'.</msg>
<arg>${add_item}</arg>
<doc>Click the element identified by ``locator``.</doc>
<status status="PASS" start="2024-03-09T19:40:08.767101" elapsed="0.078623"/>
</kw>
<var name="${item}">['Sauce Labs Backpack', 'Sauce Labs Fleece Jacket', 'Test.allTheThings() T-Shirt (Red)', 'Sauce Labs Bolt T-Shirt']</var>
<status status="PASS" start="2024-03-09T19:40:08.763600" elapsed="0.083120"/>
</iter>
<var>${item}</var>
<value>${random_values}</value>
<status status="PASS" start="2024-03-09T19:40:08.762998" elapsed="0.083722"/>
</for>
<var name="${index}">3</var>
<status status="PASS" start="2024-03-09T19:40:08.762998" elapsed="0.083722"/>
</iter>
<var>${index}</var>
<value>0</value>
<value>${random_number}</value>
<status status="PASS" start="2024-03-09T19:40:08.482891" elapsed="0.363829"/>
</for>
<kw name="Click on Cart icon" owner="Resource">
<kw name="Click Element" owner="SeleniumLibrary">
<msg time="2024-03-09T19:40:08.848724" level="INFO">Clicking element '//div[@id='shopping_cart_container']/a'.</msg>
<arg>${cart_icon}</arg>
<doc>Click the element identified by ``locator``.</doc>
<status status="PASS" start="2024-03-09T19:40:08.847731" elapsed="0.086824"/>
</kw>
<status status="PASS" start="2024-03-09T19:40:08.846720" elapsed="0.087835"/>
</kw>
<kw name="Get Element Count" owner="SeleniumLibrary">
<msg time="2024-03-09T19:40:08.950402" level="INFO">${total_products_in_cart} = 4</msg>
<var>${total_products_in_cart}</var>
<arg>${product_list}</arg>
<doc>Returns the number of elements matching ``locator``.</doc>
<status status="PASS" start="2024-03-09T19:40:08.935560" elapsed="0.014842"/>
</kw>
<kw name="Should Be Equal" owner="BuiltIn">
<arg>${random_number}</arg>
<arg>${total_products_in_cart}</arg>
<doc>Fails if the given objects are unequal.</doc>
<status status="PASS" start="2024-03-09T19:40:08.950402" elapsed="0.002016"/>
</kw>
<status status="PASS" start="2024-03-09T19:40:08.148102" elapsed="0.804316"/>
</kw>
<kw name="Click on checkout button" owner="Resource">
<kw name="Click Element" owner="SeleniumLibrary">
<msg time="2024-03-09T19:40:08.953913" level="INFO">Clicking element '//button[@id='checkout']'.</msg>
<arg>${checkout_button}</arg>
<doc>Click the element identified by ``locator``.</doc>
<status status="PASS" start="2024-03-09T19:40:08.953913" elapsed="0.072295"/>
</kw>
<status status="PASS" start="2024-03-09T19:40:08.953401" elapsed="0.073810"/>
</kw>
<kw name="Fill the checkout form" owner="Resource">
<kw name="Input Text" owner="SeleniumLibrary">
<msg time="2024-03-09T19:40:09.029208" level="INFO">Typing text 'Vivek' into text field '//input[@id='first-name']'.</msg>
<arg>${first_name}</arg>
<arg>${first_name_checkout_page}</arg>
<doc>Types the given ``text`` into the text field identified by ``locator``.</doc>
<status status="PASS" start="2024-03-09T19:40:09.028214" elapsed="0.150576"/>
</kw>
<kw name="Input Text" owner="SeleniumLibrary">
<msg time="2024-03-09T19:40:09.179788" level="INFO">Typing text 'Saraf' into text field '//input[@id='last-name']'.</msg>
<arg>${last_name}</arg>
<arg>${last_name_checkout_page}</arg>
<doc>Types the given ``text`` into the text field identified by ``locator``.</doc>
<status status="PASS" start="2024-03-09T19:40:09.178790" elapsed="0.184582"/>
</kw>
<kw name="Input Text" owner="SeleniumLibrary">
<msg time="2024-03-09T19:40:09.363372" level="INFO">Typing text '411057' into text field '//input[@id='postal-code']'.</msg>
<arg>${zipcode}</arg>
<arg>${zipcode_checkout_page}</arg>
<doc>Types the given ``text`` into the text field identified by ``locator``.</doc>
<status status="PASS" start="2024-03-09T19:40:09.363372" elapsed="0.228332"/>
</kw>
<status status="PASS" start="2024-03-09T19:40:09.028214" elapsed="0.564381"/>
</kw>
<kw name="Click on continue button from check out page" owner="Resource">
<kw name="Click Element" owner="SeleniumLibrary">
<msg time="2024-03-09T19:40:09.594111" level="INFO">Clicking element '//input[@id='continue']'.</msg>
<arg>${continue_button}</arg>
<doc>Click the element identified by ``locator``.</doc>
<status status="PASS" start="2024-03-09T19:40:09.594111" elapsed="0.126188"/>
</kw>
<status status="PASS" start="2024-03-09T19:40:09.593103" elapsed="0.127196"/>
</kw>
<kw name="Verify the page title" owner="Resource">
<kw name="Get Text" owner="SeleniumLibrary">
<msg time="2024-03-09T19:40:09.758145" level="INFO">${actual_page_title} = Checkout: Overview</msg>
<var>${actual_page_title}</var>
<arg>${page_title}</arg>
<doc>Returns the text value of the element identified by ``locator``.</doc>
<status status="PASS" start="2024-03-09T19:40:09.722297" elapsed="0.037289"/>
</kw>
<kw name="Should Be Equal As Strings" owner="BuiltIn">
<arg>${actual_page_title}</arg>
<arg>${expected_page_title}</arg>
<doc>Fails if objects are unequal after converting them to strings.</doc>
<status status="PASS" start="2024-03-09T19:40:09.759586" elapsed="0.001043"/>
</kw>
<arg>${page_title}</arg>
<arg>${check_out_overview_page_title}</arg>
<status status="PASS" start="2024-03-09T19:40:09.721300" elapsed="0.039329"/>
</kw>
<kw name="Verify checkout item is present on the checkout page" owner="Resource">
<kw name="Element Should Be Visible" owner="SeleniumLibrary">
<msg time="2024-03-09T19:40:09.805579" level="INFO">Element '//div[@id='checkout_summary_container']/div/div/div[3]' is displayed.</msg>
<arg>${check_out_item}</arg>
<doc>Verifies that the element identified by ``locator`` is visible.</doc>
<status status="PASS" start="2024-03-09T19:40:09.761628" elapsed="0.043951"/>
</kw>
<status status="PASS" start="2024-03-09T19:40:09.761628" elapsed="0.043951"/>
</kw>
<kw name="Click on Finish button" owner="Resource">
<kw name="Click Element" owner="SeleniumLibrary">
<msg time="2024-03-09T19:40:09.807581" level="INFO">Clicking element '//button[@id='finish']'.</msg>
<arg>${finish_button}</arg>
<doc>Click the element identified by ``locator``.</doc>
<status status="PASS" start="2024-03-09T19:40:09.806576" elapsed="0.081207"/>
</kw>
<status status="PASS" start="2024-03-09T19:40:09.806576" elapsed="0.081207"/>
</kw>
<kw name="Verify order placed successfully" owner="Resource">
<kw name="Get Text" owner="SeleniumLibrary">
<msg time="2024-03-09T19:40:09.925005" level="INFO">${actual_message} = Thank you for your order!</msg>
<var>${actual_message}</var>
<arg>${thanks_msg}</arg>
<doc>Returns the text value of the element identified by ``locator``.</doc>
<status status="PASS" start="2024-03-09T19:40:09.890005" elapsed="0.035000"/>
</kw>
<kw name="Should Be Equal As Strings" owner="BuiltIn">
<arg>${actual_message}</arg>
<arg>${order_success_message}</arg>
<doc>Fails if objects are unequal after converting them to strings.</doc>
<status status="PASS" start="2024-03-09T19:40:09.925005" elapsed="0.000000"/>
</kw>
<status status="PASS" start="2024-03-09T19:40:09.890005" elapsed="0.035000"/>
</kw>
<kw name="Close Browser Session" owner="Resource" type="TEARDOWN">
<kw name="Close Browser" owner="SeleniumLibrary">
<doc>Closes the current browser.</doc>
<status status="PASS" start="2024-03-09T19:40:09.928013" elapsed="2.228067"/>
</kw>
<status status="PASS" start="2024-03-09T19:40:09.927017" elapsed="2.229961"/>
</kw>
<status status="PASS" start="2024-03-09T19:40:02.329098" elapsed="9.828880"/>
</test>
<test id="s1-s1-t9" name="Validate user can remove multiple items from the cart" line="68">
<kw name="Login with valid user" owner="Resource" type="SETUP">
<kw name="Open the Browser with URL" owner="Resource">
<kw name="Create Webdriver" owner="SeleniumLibrary">
<msg time="2024-03-09T19:40:12.163692" level="INFO">Creating an instance of the Chrome WebDriver.</msg>
<arg>${browser_name}</arg>
<arg>D:/robotframwork/Drivers/${browser_name}</arg>
<doc>Creates an instance of Selenium WebDriver.</doc>
<status status="PASS" start="2024-03-09T19:40:12.162058" elapsed="2.727475"/>
</kw>
<kw name="Go To" owner="SeleniumLibrary">
<msg time="2024-03-09T19:40:14.890548" level="INFO">Opening url 'https://www.saucedemo.com/'</msg>
<arg>${base_url}</arg>
<doc>Navigates the current browser window to the provided ``url``.</doc>
<status status="PASS" start="2024-03-09T19:40:14.890548" elapsed="1.851733"/>
</kw>
<kw name="Maximize Browser Window" owner="SeleniumLibrary">
<doc>Maximizes current browser window.</doc>
<status status="PASS" start="2024-03-09T19:40:16.743294" elapsed="0.151632"/>
</kw>
<status status="PASS" start="2024-03-09T19:40:12.162058" elapsed="4.733792"/>
</kw>
<kw name="Fill the login form" owner="Resource">
<kw name="Input Text" owner="SeleniumLibrary">
<msg time="2024-03-09T19:40:16.897863" level="INFO">Typing text 'standard_user' into text field '//*[@id="user-name"]'.</msg>
<arg>${username_text}</arg>
<arg>${username}</arg>
<doc>Types the given ``text`` into the text field identified by ``locator``.</doc>
<status status="PASS" start="2024-03-09T19:40:16.896863" elapsed="0.271740"/>
</kw>
<kw name="Input Text" owner="SeleniumLibrary">
<msg time="2024-03-09T19:40:17.168603" level="INFO">Typing text 'secret_sauce' into text field '//*[@id="password"]'.</msg>
<arg>${password_text}</arg>
<arg>${password}</arg>
<doc>Types the given ``text`` into the text field identified by ``locator``.</doc>
<status status="PASS" start="2024-03-09T19:40:17.168603" elapsed="0.153195"/>
</kw>
<kw name="Click Button" owner="SeleniumLibrary">
<msg time="2024-03-09T19:40:17.321798" level="INFO">Clicking button '//*[@id="login-button"]'.</msg>
<arg>${login_button}</arg>
<doc>Clicks the button identified by ``locator``.</doc>
<status status="PASS" start="2024-03-09T19:40:17.321798" elapsed="0.170101"/>
</kw>
<arg>${valid_username}</arg>
<arg>${valid_password}</arg>
<status status="PASS" start="2024-03-09T19:40:16.895850" elapsed="0.596049"/>
</kw>
<status status="PASS" start="2024-03-09T19:40:12.161048" elapsed="5.330851"/>
</kw>
<kw name="Remove multiple product items from the cart" owner="Resource">
<kw name="Add multiple product items in the cart" owner="Resource">
<kw name="Get Element Count" owner="SeleniumLibrary">
<msg time="2024-03-09T19:40:17.518964" level="INFO">${total_products} = 6</msg>
<var>${total_products}</var>
<arg>${product_list}</arg>
<doc>Returns the number of elements matching ``locator``.</doc>
<status status="PASS" start="2024-03-09T19:40:17.495754" elapsed="0.024225"/>
</kw>
<kw name="Create List" owner="BuiltIn">
<msg time="2024-03-09T19:40:17.519979" level="INFO">${item_list} = []</msg>
<var>${item_list}</var>
<doc>Returns a list containing given items.</doc>
<status status="PASS" start="2024-03-09T19:40:17.519979" elapsed="0.000000"/>
</kw>
<for flavor="IN RANGE">
<iter>
<kw name="Get Text" owner="SeleniumLibrary">
<msg time="2024-03-09T19:40:17.574412" level="INFO">${item} = Sauce Labs Backpack</msg>
<var>${item}</var>
<arg>(${product_list})[${counter}]</arg>
<doc>Returns the text value of the element identified by ``locator``.</doc>
<status status="PASS" start="2024-03-09T19:40:17.520977" elapsed="0.053435"/>
</kw>
<kw name="Append To List" owner="Collections">
<arg>${item_list}</arg>
<arg>${item}</arg>
<doc>Adds ``values`` to the end of ``list``.</doc>
<status status="PASS" start="2024-03-09T19:40:17.575436" elapsed="0.000000"/>
</kw>
<var name="${counter}">1</var>
<status status="PASS" start="2024-03-09T19:40:17.520977" elapsed="0.054459"/>
</iter>
<iter>
<kw name="Get Text" owner="SeleniumLibrary">
<msg time="2024-03-09T19:40:17.609937" level="INFO">${item} = Sauce Labs Bike Light</msg>
<var>${item}</var>
<arg>(${product_list})[${counter}]</arg>
<doc>Returns the text value of the element identified by ``locator``.</doc>
<status status="PASS" start="2024-03-09T19:40:17.575436" elapsed="0.034501"/>
</kw>
<kw name="Append To List" owner="Collections">
<arg>${item_list}</arg>
<arg>${item}</arg>
<doc>Adds ``values`` to the end of ``list``.</doc>
<status status="PASS" start="2024-03-09T19:40:17.610932" elapsed="0.000000"/>
</kw>
<var name="${counter}">2</var>
<status status="PASS" start="2024-03-09T19:40:17.575436" elapsed="0.035496"/>
</iter>
<iter>
<kw name="Get Text" owner="SeleniumLibrary">
<msg time="2024-03-09T19:40:17.647195" level="INFO">${item} = Sauce Labs Bolt T-Shirt</msg>
<var>${item}</var>
<arg>(${product_list})[${counter}]</arg>
<doc>Returns the text value of the element identified by ``locator``.</doc>
<status status="PASS" start="2024-03-09T19:40:17.611943" elapsed="0.035252"/>
</kw>
<kw name="Append To List" owner="Collections">
<arg>${item_list}</arg>
<arg>${item}</arg>
<doc>Adds ``values`` to the end of ``list``.</doc>
<status status="PASS" start="2024-03-09T19:40:17.647195" elapsed="0.001002"/>
</kw>
<var name="${counter}">3</var>
<status status="PASS" start="2024-03-09T19:40:17.610932" elapsed="0.037265"/>
</iter>
<iter>
<kw name="Get Text" owner="SeleniumLibrary">
<msg time="2024-03-09T19:40:17.688203" level="INFO">${item} = Sauce Labs Fleece Jacket</msg>
<var>${item}</var>
<arg>(${product_list})[${counter}]</arg>
<doc>Returns the text value of the element identified by ``locator``.</doc>
<status status="PASS" start="2024-03-09T19:40:17.648197" elapsed="0.040006"/>
</kw>
<kw name="Append To List" owner="Collections">
<arg>${item_list}</arg>
<arg>${item}</arg>
<doc>Adds ``values`` to the end of ``list``.</doc>
<status status="PASS" start="2024-03-09T19:40:17.688203" elapsed="0.001013"/>
</kw>
<var name="${counter}">4</var>
<status status="PASS" start="2024-03-09T19:40:17.648197" elapsed="0.041019"/>
</iter>
<iter>
<kw name="Get Text" owner="SeleniumLibrary">
<msg time="2024-03-09T19:40:17.724537" level="INFO">${item} = Sauce Labs Onesie</msg>
<var>${item}</var>
<arg>(${product_list})[${counter}]</arg>
<doc>Returns the text value of the element identified by ``locator``.</doc>
<status status="PASS" start="2024-03-09T19:40:17.689216" elapsed="0.035321"/>
</kw>
<kw name="Append To List" owner="Collections">
<arg>${item_list}</arg>
<arg>${item}</arg>
<doc>Adds ``values`` to the end of ``list``.</doc>
<status status="PASS" start="2024-03-09T19:40:17.725525" elapsed="0.000000"/>
</kw>
<var name="${counter}">5</var>
<status status="PASS" start="2024-03-09T19:40:17.689216" elapsed="0.036309"/>
</iter>
<iter>
<kw name="Get Text" owner="SeleniumLibrary">
<msg time="2024-03-09T19:40:17.756188" level="INFO">${item} = Test.allTheThings() T-Shirt (Red)</msg>
<var>${item}</var>
<arg>(${product_list})[${counter}]</arg>
<doc>Returns the text value of the element identified by ``locator``.</doc>
<status status="PASS" start="2024-03-09T19:40:17.726523" elapsed="0.029665"/>
</kw>
<kw name="Append To List" owner="Collections">
<arg>${item_list}</arg>
<arg>${item}</arg>
<doc>Adds ``values`` to the end of ``list``.</doc>
<status status="PASS" start="2024-03-09T19:40:17.757208" elapsed="0.000000"/>
</kw>
<var name="${counter}">6</var>
<status status="PASS" start="2024-03-09T19:40:17.725525" elapsed="0.032677"/>
</iter>
<var>${counter}</var>
<value>1</value>
<value>${total_products}+1</value>
<status status="PASS" start="2024-03-09T19:40:17.519979" elapsed="0.238223"/>
</for>
<kw name="Evaluate" owner="BuiltIn">
<msg time="2024-03-09T19:40:17.759203" level="INFO">${random_number} = 2</msg>
<var>${random_number}</var>
<arg>random.randint(1, ${total_products})</arg>
<doc>Evaluates the given expression in Python and returns the result.</doc>
<status status="PASS" start="2024-03-09T19:40:17.758202" elapsed="0.001001"/>
</kw>
<kw name="Evaluate" owner="BuiltIn">
<msg time="2024-03-09T19:40:17.760188" level="INFO">${random_values} = ['Sauce Labs Bolt T-Shirt', 'Sauce Labs Bike Light']</msg>
<var>${random_values}</var>
<arg>random.sample(${item_list}, ${random_number})</arg>
<doc>Evaluates the given expression in Python and returns the result.</doc>
<status status="PASS" start="2024-03-09T19:40:17.759203" elapsed="0.000985"/>
</kw>
<for flavor="IN RANGE">
<iter>
<for flavor="IN">
<iter>
<kw name="Get From List" owner="Collections">
<msg time="2024-03-09T19:40:17.762206" level="INFO">${product} = Sauce Labs Bolt T-Shirt</msg>
<var>${product}</var>
<arg>${item}</arg>
<arg>${index}</arg>
<doc>Returns the value specified with an ``index`` from ``list``.</doc>
<status status="PASS" start="2024-03-09T19:40:17.762206" elapsed="0.000000"/>
</kw>
<kw name="Get From Dictionary" owner="Collections">
<msg time="2024-03-09T19:40:17.763740" level="INFO">${xpath_name} = sauce-labs-bolt-t-shirt</msg>
<var>${xpath_name}</var>
<arg>${product_name}</arg>
<arg>${product}</arg>
<doc>Returns a value from the given ``dictionary`` based on the given ``key``.</doc>
<status status="PASS" start="2024-03-09T19:40:17.763202" elapsed="0.000538"/>
</kw>
<kw name="Set Variable" owner="BuiltIn">
<msg time="2024-03-09T19:40:17.764760" level="INFO">${add_item} = //button[@id='add-to-cart-sauce-labs-bolt-t-shirt']</msg>
<var>${add_item}</var>
<arg>//button[@id='add-to-cart-${xpath_name}']</arg>
<doc>Returns the given values which can then be assigned to a variables.</doc>
<status status="PASS" start="2024-03-09T19:40:17.763740" elapsed="0.001020"/>
</kw>
<kw name="Click Element" owner="SeleniumLibrary">
<msg time="2024-03-09T19:40:17.765776" level="INFO">Clicking element '//button[@id='add-to-cart-sauce-labs-bolt-t-shirt']'.</msg>
<arg>${add_item}</arg>
<doc>Click the element identified by ``locator``.</doc>
<status status="PASS" start="2024-03-09T19:40:17.764760" elapsed="0.090170"/>
</kw>
<var name="${item}">['Sauce Labs Bolt T-Shirt', 'Sauce Labs Bike Light']</var>
<status status="PASS" start="2024-03-09T19:40:17.761208" elapsed="0.093722"/>
</iter>
<var>${item}</var>
<value>${random_values}</value>
<status status="PASS" start="2024-03-09T19:40:17.761208" elapsed="0.093722"/>
</for>
<var name="${index}">0</var>
<status status="PASS" start="2024-03-09T19:40:17.761208" elapsed="0.094728"/>
</iter>
<iter>
<for flavor="IN">
<iter>
<kw name="Get From List" owner="Collections">
<msg time="2024-03-09T19:40:17.856936" level="INFO">${product} = Sauce Labs Bike Light</msg>
<var>${product}</var>
<arg>${item}</arg>
<arg>${index}</arg>
<doc>Returns the value specified with an ``index`` from ``list``.</doc>
<status status="PASS" start="2024-03-09T19:40:17.856936" elapsed="0.000000"/>
</kw>
<kw name="Get From Dictionary" owner="Collections">
<msg time="2024-03-09T19:40:17.857937" level="INFO">${xpath_name} = sauce-labs-bike-light</msg>
<var>${xpath_name}</var>
<arg>${product_name}</arg>
<arg>${product}</arg>
<doc>Returns a value from the given ``dictionary`` based on the given ``key``.</doc>
<status status="PASS" start="2024-03-09T19:40:17.856936" elapsed="0.001001"/>
</kw>
<kw name="Set Variable" owner="BuiltIn">
<msg time="2024-03-09T19:40:17.858929" level="INFO">${add_item} = //button[@id='add-to-cart-sauce-labs-bike-light']</msg>
<var>${add_item}</var>
<arg>//button[@id='add-to-cart-${xpath_name}']</arg>
<doc>Returns the given values which can then be assigned to a variables.</doc>
<status status="PASS" start="2024-03-09T19:40:17.857937" elapsed="0.000992"/>
</kw>
<kw name="Click Element" owner="SeleniumLibrary">
<msg time="2024-03-09T19:40:17.858929" level="INFO">Clicking element '//button[@id='add-to-cart-sauce-labs-bike-light']'.</msg>
<arg>${add_item}</arg>
<doc>Click the element identified by ``locator``.</doc>
<status status="PASS" start="2024-03-09T19:40:17.858929" elapsed="0.094880"/>
</kw>
<var name="${item}">['Sauce Labs Bolt T-Shirt', 'Sauce Labs Bike Light']</var>
[...]
<msg time="2024-03-09T19:42:48.429238" level="INFO">Opening url 'https://www.saucedemo.com/'</msg>
<arg>${base_url}</arg>
<doc>Navigates the current browser window to the provided ``url``.</doc>
<status status="PASS" start="2024-03-09T19:42:48.429238" elapsed="1.518808"/>
</kw>
<kw name="Maximize Browser Window" owner="SeleniumLibrary">
<doc>Maximizes current browser window.</doc>
<status status="PASS" start="2024-03-09T19:42:49.949139" elapsed="0.129946"/>
</kw>
<status status="PASS" start="2024-03-09T19:42:45.634189" elapsed="4.444896"/>
</kw>
<kw name="Fill the login form" owner="Resource">
<kw name="Input Text" owner="SeleniumLibrary">
<msg time="2024-03-09T19:42:50.080087" level="INFO">Typing text 'standard_user' into text field '//*[@id="user-name"]'.</msg>
<arg>${username_text}</arg>
<arg>${username}</arg>
<doc>Types the given ``text`` into the text field identified by ``locator``.</doc>
<status status="PASS" start="2024-03-09T19:42:50.080087" elapsed="0.149022"/>
</kw>
<kw name="Input Text" owner="SeleniumLibrary">
<msg time="2024-03-09T19:42:50.230124" level="INFO">Typing text 'secret_sauce' into text field '//*[@id="password"]'.</msg>
<arg>${password_text}</arg>
<arg>${password}</arg>
<doc>Types the given ``text`` into the text field identified by ``locator``.</doc>
<status status="PASS" start="2024-03-09T19:42:50.229109" elapsed="0.096390"/>
</kw>
<kw name="Click Button" owner="SeleniumLibrary">
<msg time="2024-03-09T19:42:50.326497" level="INFO">Clicking button '//*[@id="login-button"]'.</msg>
<arg>${login_button}</arg>
<doc>Clicks the button identified by ``locator``.</doc>
<status status="PASS" start="2024-03-09T19:42:50.326497" elapsed="0.142077"/>
</kw>
<arg>${valid_username}</arg>
<arg>${valid_password}</arg>
<status status="PASS" start="2024-03-09T19:42:50.079085" elapsed="0.389489"/>
</kw>
<status status="PASS" start="2024-03-09T19:42:45.634189" elapsed="4.835383"/>
</kw>
<kw name="Click on Random product name" owner="Resource">
<kw name="Get Dictionary Keys" owner="Collections">
<msg time="2024-03-09T19:42:50.470998" level="INFO">${keys} = ['Sauce Labs Backpack', 'Sauce Labs Bike Light', 'Sauce Labs Bolt T-Shirt', 'Sauce Labs Fleece Jacket', 'Sauce Labs Onesie', 'Test.allTheThings() T-Shirt (Red)']</msg>
<var>${keys}</var>
<arg>${product_name}</arg>
<doc>Returns keys of the given ``dictionary`` as a list.</doc>
<status status="PASS" start="2024-03-09T19:42:50.469572" elapsed="0.001426"/>
</kw>
<kw name="Evaluate" owner="BuiltIn">
<msg time="2024-03-09T19:42:50.473518" level="INFO">${random_value} = Sauce Labs Bike Light</msg>
<var>${random_value}</var>
<arg>random.choice(${keys})</arg>
<arg>random</arg>
<doc>Evaluates the given expression in Python and returns the result.</doc>
<status status="PASS" start="2024-03-09T19:42:50.470998" elapsed="0.002520"/>
</kw>
<kw name="Set Variable" owner="BuiltIn">
<msg time="2024-03-09T19:42:50.475518" level="INFO">${item} = //div[text()='Sauce Labs Bike Light']</msg>
<var>${item}</var>
<arg>//div[text()='${random_value}']</arg>
<doc>Returns the given values which can then be assigned to a variables.</doc>
<status status="PASS" start="2024-03-09T19:42:50.474517" elapsed="0.001001"/>
</kw>
<kw name="Click Element" owner="SeleniumLibrary">
<msg time="2024-03-09T19:42:50.477518" level="INFO">Clicking element '//div[text()='Sauce Labs Bike Light']'.</msg>
<arg>${item}</arg>
<doc>Click the element identified by ``locator``.</doc>
<status status="PASS" start="2024-03-09T19:42:50.476519" elapsed="0.126241"/>
</kw>
<return>
<value>${item}</value>
<status status="PASS" start="2024-03-09T19:42:50.603760" elapsed="0.000000"/>
</return>
<status status="PASS" start="2024-03-09T19:42:50.469572" elapsed="0.134188"/>
</kw>
<kw name="Click on back to products button" owner="Resource">
<kw name="Click Element" owner="SeleniumLibrary">
<msg time="2024-03-09T19:42:50.604760" level="INFO">Clicking element '//button[@id='back-to-products']'.</msg>
<arg>${bact_to_products_button}</arg>
<doc>Click the element identified by ``locator``.</doc>
<status status="PASS" start="2024-03-09T19:42:50.604760" elapsed="0.092740"/>
</kw>
<status status="PASS" start="2024-03-09T19:42:50.603760" elapsed="0.094745"/>
</kw>
<kw name="Verify the page title" owner="Resource">
<kw name="Get Text" owner="SeleniumLibrary">
<msg time="2024-03-09T19:42:50.730510" level="INFO">${actual_page_title} = Products</msg>
<var>${actual_page_title}</var>
<arg>${page_title}</arg>
<doc>Returns the text value of the element identified by ``locator``.</doc>
<status status="PASS" start="2024-03-09T19:42:50.699503" elapsed="0.031007"/>
</kw>
<kw name="Should Be Equal As Strings" owner="BuiltIn">
<arg>${actual_page_title}</arg>
<arg>${expected_page_title}</arg>
<doc>Fails if objects are unequal after converting them to strings.</doc>
<status status="PASS" start="2024-03-09T19:42:50.730510" elapsed="0.001013"/>
</kw>
<arg>${page_title}</arg>
<arg>${product_page_title}</arg>
<status status="PASS" start="2024-03-09T19:42:50.698505" elapsed="0.033018"/>
</kw>
<kw name="Close Browser Session" owner="Resource" type="TEARDOWN">
<kw name="Close Browser" owner="SeleniumLibrary">
<doc>Closes the current browser.</doc>
<status status="PASS" start="2024-03-09T19:42:50.732518" elapsed="2.143544"/>
</kw>
<status status="PASS" start="2024-03-09T19:42:50.731523" elapsed="2.144539"/>
</kw>
<status status="PASS" start="2024-03-09T19:42:45.632187" elapsed="7.244979"/>
</test>
<test id="s1-s4-t5" name="Validate the Social media link facebook is redirecting to the correct location" line="61">
<kw name="Login with valid user" owner="Resource" type="SETUP">
<kw name="Open the Browser with URL" owner="Resource">
<kw name="Create Webdriver" owner="SeleniumLibrary">
<msg time="2024-03-09T19:42:52.881146" level="INFO">Creating an instance of the Chrome WebDriver.</msg>
<arg>${browser_name}</arg>
<arg>D:/robotframwork/Drivers/${browser_name}</arg>
<doc>Creates an instance of Selenium WebDriver.</doc>
<status status="PASS" start="2024-03-09T19:42:52.880144" elapsed="2.539441"/>
</kw>
<kw name="Go To" owner="SeleniumLibrary">
<msg time="2024-03-09T19:42:55.420585" level="INFO">Opening url 'https://www.saucedemo.com/'</msg>
<arg>${base_url}</arg>
<doc>Navigates the current browser window to the provided ``url``.</doc>
<status status="PASS" start="2024-03-09T19:42:55.419585" elapsed="1.461560"/>
</kw>
<kw name="Maximize Browser Window" owner="SeleniumLibrary">
<doc>Maximizes current browser window.</doc>
<status status="PASS" start="2024-03-09T19:42:56.881145" elapsed="0.128411"/>
</kw>
<status status="PASS" start="2024-03-09T19:42:52.880144" elapsed="4.130424"/>
</kw>
<kw name="Fill the login form" owner="Resource">
<kw name="Input Text" owner="SeleniumLibrary">
<msg time="2024-03-09T19:42:57.012575" level="INFO">Typing text 'standard_user' into text field '//*[@id="user-name"]'.</msg>
<arg>${username_text}</arg>
<arg>${username}</arg>
<doc>Types the given ``text`` into the text field identified by ``locator``.</doc>
<status status="PASS" start="2024-03-09T19:42:57.011573" elapsed="0.222124"/>
</kw>
<kw name="Input Text" owner="SeleniumLibrary">
<msg time="2024-03-09T19:42:57.233697" level="INFO">Typing text 'secret_sauce' into text field '//*[@id="password"]'.</msg>
<arg>${password_text}</arg>
<arg>${password}</arg>
<doc>Types the given ``text`` into the text field identified by ``locator``.</doc>
<status status="PASS" start="2024-03-09T19:42:57.233697" elapsed="0.143794"/>
</kw>
<kw name="Click Button" owner="SeleniumLibrary">
<msg time="2024-03-09T19:42:57.378516" level="INFO">Clicking button '//*[@id="login-button"]'.</msg>
<arg>${login_button}</arg>
<doc>Clicks the button identified by ``locator``.</doc>
<status status="PASS" start="2024-03-09T19:42:57.378516" elapsed="0.118349"/>
</kw>
<arg>${valid_username}</arg>
<arg>${valid_password}</arg>
<status status="PASS" start="2024-03-09T19:42:57.010568" elapsed="0.486297"/>
</kw>
<status status="PASS" start="2024-03-09T19:42:52.879150" elapsed="4.617715"/>
</kw>
<kw name="Verify link is opening in the second tab" owner="Resource">
<kw name="Click Element" owner="SeleniumLibrary">
<msg time="2024-03-09T19:42:57.499052" level="INFO">Clicking element '//a[contains(text(),'Facebook')]'.</msg>
<arg>${icon}</arg>
<doc>Click the element identified by ``locator``.</doc>
<status status="PASS" start="2024-03-09T19:42:57.497878" elapsed="0.136003"/>
</kw>
<kw name="Get Window Handles" owner="SeleniumLibrary">
<msg time="2024-03-09T19:42:57.660985" level="INFO">${handles} = ['7D6E7E752ED9AA1D767643D64D9E82CB', '0855BA65464413234D2A2AB71E710E6A']</msg>
<var>${handles}</var>
<doc>Returns all child window handles of the selected browser as a list.</doc>
<status status="PASS" start="2024-03-09T19:42:57.633881" elapsed="0.027104"/>
</kw>
<kw name="Switch Window" owner="SeleniumLibrary">
<arg>${handles}[1]</arg>
<doc>Switches to browser window matching ``locator``.</doc>
<status status="PASS" start="2024-03-09T19:42:57.660985" elapsed="0.091523"/>
</kw>
<kw name="Location Should Contain" owner="SeleniumLibrary">
<msg time="2024-03-09T19:42:58.639716" level="INFO">Current location contains 'https://www.facebook.com/saucelabs'.</msg>
<arg>${link}</arg>
<doc>Verifies that the current URL contains ``expected``.</doc>
<status status="PASS" start="2024-03-09T19:42:57.752508" elapsed="0.887208"/>
</kw>
<arg>${social_media_icon_facebook}</arg>
<arg>${social_media_link_facebook}</arg>
<status status="PASS" start="2024-03-09T19:42:57.497878" elapsed="1.141838"/>
</kw>
<kw name="Close Browser Session" owner="Resource" type="TEARDOWN">
<kw name="Close Browser" owner="SeleniumLibrary">
<doc>Closes the current browser.</doc>
<status status="PASS" start="2024-03-09T19:42:58.641135" elapsed="2.253976"/>
</kw>
<status status="PASS" start="2024-03-09T19:42:58.639716" elapsed="2.256321"/>
</kw>
<status status="PASS" start="2024-03-09T19:42:52.878147" elapsed="8.017890"/>
</test>
<test id="s1-s4-t6" name="Validate the Social media link twitter is redirecting to the correct location" line="64">
<kw name="Login with valid user" owner="Resource" type="SETUP">
<kw name="Open the Browser with URL" owner="Resource">
<kw name="Create Webdriver" owner="SeleniumLibrary">
<msg time="2024-03-09T19:43:00.901023" level="INFO">Creating an instance of the Chrome WebDriver.</msg>
<arg>${browser_name}</arg>
<arg>D:/robotframwork/Drivers/${browser_name}</arg>
<doc>Creates an instance of Selenium WebDriver.</doc>
<status status="PASS" start="2024-03-09T19:43:00.901023" elapsed="2.444437"/>
</kw>
<kw name="Go To" owner="SeleniumLibrary">
<msg time="2024-03-09T19:43:03.346462" level="INFO">Opening url 'https://www.saucedemo.com/'</msg>
<arg>${base_url}</arg>
<doc>Navigates the current browser window to the provided ``url``.</doc>
<status status="PASS" start="2024-03-09T19:43:03.346462" elapsed="1.566431"/>
</kw>
<kw name="Maximize Browser Window" owner="SeleniumLibrary">
<doc>Maximizes current browser window.</doc>
<status status="PASS" start="2024-03-09T19:43:04.912893" elapsed="0.138638"/>
</kw>
<status status="PASS" start="2024-03-09T19:43:00.900099" elapsed="4.151432"/>
</kw>
<kw name="Fill the login form" owner="Resource">
<kw name="Input Text" owner="SeleniumLibrary">
<msg time="2024-03-09T19:43:05.052532" level="INFO">Typing text 'standard_user' into text field '//*[@id="user-name"]'.</msg>
<arg>${username_text}</arg>
<arg>${username}</arg>
<doc>Types the given ``text`` into the text field identified by ``locator``.</doc>
<status status="PASS" start="2024-03-09T19:43:05.052532" elapsed="0.214543"/>
</kw>
<kw name="Input Text" owner="SeleniumLibrary">
<msg time="2024-03-09T19:43:05.267075" level="INFO">Typing text 'secret_sauce' into text field '//*[@id="password"]'.</msg>
<arg>${password_text}</arg>
<arg>${password}</arg>
<doc>Types the given ``text`` into the text field identified by ``locator``.</doc>
<status status="PASS" start="2024-03-09T19:43:05.267075" elapsed="0.142743"/>
</kw>
<kw name="Click Button" owner="SeleniumLibrary">
<msg time="2024-03-09T19:43:05.411717" level="INFO">Clicking button '//*[@id="login-button"]'.</msg>
<arg>${login_button}</arg>
<doc>Clicks the button identified by ``locator``.</doc>
<status status="PASS" start="2024-03-09T19:43:05.411211" elapsed="0.118672"/>
</kw>
<arg>${valid_username}</arg>
<arg>${valid_password}</arg>
<status status="PASS" start="2024-03-09T19:43:05.051531" elapsed="0.478352"/>
</kw>
<status status="PASS" start="2024-03-09T19:43:00.899106" elapsed="4.630777"/>
</kw>
<kw name="Verify link is opening in the second tab" owner="Resource">
<kw name="Click Element" owner="SeleniumLibrary">
<msg time="2024-03-09T19:43:05.531882" level="INFO">Clicking element '//a[contains(text(),'Twitter')]'.</msg>
<arg>${icon}</arg>
<doc>Click the element identified by ``locator``.</doc>
<status status="PASS" start="2024-03-09T19:43:05.530884" elapsed="0.148330"/>
</kw>
<kw name="Get Window Handles" owner="SeleniumLibrary">
<msg time="2024-03-09T19:43:05.733155" level="INFO">${handles} = ['832DC095A0C48FF2C4604AE3328CF977', 'E00E24367C65EC55555E125D62F6438E']</msg>
<var>${handles}</var>
<doc>Returns all child window handles of the selected browser as a list.</doc>
<status status="PASS" start="2024-03-09T19:43:05.680227" elapsed="0.052928"/>
</kw>
<kw name="Switch Window" owner="SeleniumLibrary">
<arg>${handles}[1]</arg>
<doc>Switches to browser window matching ``locator``.</doc>
<status status="PASS" start="2024-03-09T19:43:05.734171" elapsed="0.167268"/>
</kw>
<kw name="Location Should Contain" owner="SeleniumLibrary">
<msg time="2024-03-09T19:43:08.209709" level="INFO">Current location contains 'https://twitter.com/saucelabs'.</msg>
<arg>${link}</arg>
<doc>Verifies that the current URL contains ``expected``.</doc>
<status status="PASS" start="2024-03-09T19:43:05.902632" elapsed="2.307077"/>
</kw>
<arg>${social_media_icon_twitter}</arg>
<arg>${social_media_link_twitter}</arg>
<status status="PASS" start="2024-03-09T19:43:05.530884" elapsed="2.679837"/>
</kw>
<kw name="Close Browser Session" owner="Resource" type="TEARDOWN">
<kw name="Close Browser" owner="SeleniumLibrary">
<doc>Closes the current browser.</doc>
<status status="PASS" start="2024-03-09T19:43:08.211719" elapsed="2.180667"/>
</kw>
<status status="PASS" start="2024-03-09T19:43:08.210721" elapsed="2.181665"/>
</kw>
<status status="PASS" start="2024-03-09T19:43:00.898020" elapsed="9.495319"/>
</test>
<test id="s1-s4-t7" name="Validate the Social media link linkdin is redirecting to the correct location" line="67">
<kw name="Login with valid user" owner="Resource" type="SETUP">
<kw name="Open the Browser with URL" owner="Resource">
<kw name="Create Webdriver" owner="SeleniumLibrary">
<msg time="2024-03-09T19:43:10.396868" level="INFO">Creating an instance of the Chrome WebDriver.</msg>
<arg>${browser_name}</arg>
<arg>D:/robotframwork/Drivers/${browser_name}</arg>
<doc>Creates an instance of Selenium WebDriver.</doc>
<status status="PASS" start="2024-03-09T19:43:10.396868" elapsed="2.310898"/>
</kw>
<kw name="Go To" owner="SeleniumLibrary">
<msg time="2024-03-09T19:43:12.708765" level="INFO">Opening url 'https://www.saucedemo.com/'</msg>
<arg>${base_url}</arg>
<doc>Navigates the current browser window to the provided ``url``.</doc>
<status status="PASS" start="2024-03-09T19:43:12.708765" elapsed="1.135947"/>
</kw>
<kw name="Maximize Browser Window" owner="SeleniumLibrary">
<doc>Maximizes current browser window.</doc>
<status status="PASS" start="2024-03-09T19:43:13.844712" elapsed="0.122867"/>
</kw>
<status status="PASS" start="2024-03-09T19:43:10.395868" elapsed="3.572714"/>
</kw>
<kw name="Fill the login form" owner="Resource">
<kw name="Input Text" owner="SeleniumLibrary">
<msg time="2024-03-09T19:43:13.969580" level="INFO">Typing text 'standard_user' into text field '//*[@id="user-name"]'.</msg>
<arg>${username_text}</arg>
<arg>${username}</arg>
<doc>Types the given ``text`` into the text field identified by ``locator``.</doc>
<status status="PASS" start="2024-03-09T19:43:13.969580" elapsed="0.156419"/>
</kw>
<kw name="Input Text" owner="SeleniumLibrary">
<msg time="2024-03-09T19:43:14.127014" level="INFO">Typing text 'secret_sauce' into text field '//*[@id="password"]'.</msg>
<arg>${password_text}</arg>
<arg>${password}</arg>
<doc>Types the given ``text`` into the text field identified by ``locator``.</doc>
<status status="PASS" start="2024-03-09T19:43:14.125999" elapsed="0.103489"/>
</kw>
<kw name="Click Button" owner="SeleniumLibrary">
<msg time="2024-03-09T19:43:14.229488" level="INFO">Clicking button '//*[@id="login-button"]'.</msg>
<arg>${login_button}</arg>
<doc>Clicks the button identified by ``locator``.</doc>
<status status="PASS" start="2024-03-09T19:43:14.229488" elapsed="0.125743"/>
</kw>
<arg>${valid_username}</arg>
<arg>${valid_password}</arg>
<status status="PASS" start="2024-03-09T19:43:13.968582" elapsed="0.386649"/>
</kw>
<status status="PASS" start="2024-03-09T19:43:10.395868" elapsed="3.959363"/>
</kw>
<kw name="Verify link is opening in the second tab" owner="Resource">
<kw name="Click Element" owner="SeleniumLibrary">
<msg time="2024-03-09T19:43:14.359217" level="INFO">Clicking element '//a[contains(text(),'LinkedIn')]'.</msg>
<arg>${icon}</arg>
<doc>Click the element identified by ``locator``.</doc>
<status status="PASS" start="2024-03-09T19:43:14.359217" elapsed="0.148029"/>
</kw>
<kw name="Get Window Handles" owner="SeleniumLibrary">
<msg time="2024-03-09T19:43:14.523488" level="INFO">${handles} = ['2C9979A3CE5F224BBF2B7C4E0EB3443C', '8A443018212D7295825DFC3B8EB6373A']</msg>
<var>${handles}</var>
<doc>Returns all child window handles of the selected browser as a list.</doc>
<status status="PASS" start="2024-03-09T19:43:14.507246" elapsed="0.016242"/>
</kw>
<kw name="Switch Window" owner="SeleniumLibrary">
<arg>${handles}[1]</arg>
<doc>Switches to browser window matching ``locator``.</doc>
<status status="PASS" start="2024-03-09T19:43:14.523488" elapsed="0.085287"/>
</kw>
<kw name="Location Should Contain" owner="SeleniumLibrary">
<msg time="2024-03-09T19:43:15.790306" level="INFO">Current location contains 'https://www.linkedin.com/company/sauce-labs/'.</msg>
<arg>${link}</arg>
<doc>Verifies that the current URL contains ``expected``.</doc>
<status status="PASS" start="2024-03-09T19:43:14.609773" elapsed="1.180533"/>
</kw>
<arg>${social_media_icon_linkdin}</arg>
<arg>${social_media_link_linkdin}</arg>
<status status="PASS" start="2024-03-09T19:43:14.358217" elapsed="1.433090"/>
</kw>
<kw name="Close Browser Session" owner="Resource" type="TEARDOWN">
<kw name="Close Browser" owner="SeleniumLibrary">
<doc>Closes the current browser.</doc>
<status status="PASS" start="2024-03-09T19:43:15.792307" elapsed="2.211022"/>
</kw>
<status status="PASS" start="2024-03-09T19:43:15.791307" elapsed="2.212022"/>
</kw>
<status status="PASS" start="2024-03-09T19:43:10.394867" elapsed="7.609694"/>
</test>
<doc>Tests to Product Page</doc>
<status status="PASS" start="2024-03-09T19:42:12.288806" elapsed="65.717272"/>
</suite>
<status status="PASS" start="2024-03-09T19:39:09.871999" elapsed="248.136078"/>
</suite>
<statistics>
<total>
<stat pass="23" fail="0" skip="0">All Tests</stat>
</total>
<tag>
<stat pass="1" fail="0" skip="0">REGRESSION</stat>
</tag>
<suite>
<stat pass="23" fail="0" skip="0" id="s1" name="Cart &amp; CheckOut &amp; Login &amp; ProductPage">Cart &amp; CheckOut &amp; Login &amp; ProductPage</stat>
<stat pass="9" fail="0" skip="0" id="s1-s1" name="Cart">Cart &amp; CheckOut &amp; Login &amp; ProductPage.Cart</stat>
<stat pass="5" fail="0" skip="0" id="s1-s2" name="CheckOut">Cart &amp; CheckOut &amp; Login &amp; ProductPage.CheckOut</stat>
<stat pass="2" fail="0" skip="0" id="s1-s3" name="Login">Cart &amp; CheckOut &amp; Login &amp; ProductPage.Login</stat>
<stat pass="7" fail="0" skip="0" id="s1-s4" name="ProductPage">Cart &amp; CheckOut &amp; Login &amp; ProductPage.ProductPage</stat>
</suite>
</statistics>
<errors>
</errors>
</robot>
